SF:/home/riandeoliveira/coding/portfolio-api/src/Portfolio.WebApi/Program.cs
FN:2,System.Void Program/<<Main>$>d__0::MoveNext()
FNDA:1,System.Void Program/<<Main>$>d__0::MoveNext()
DA:3,1
DA:4,1
DA:5,1
DA:6,1
DA:7,1
DA:8,1
DA:9,1
DA:10,1
DA:11,1
DA:12,1
DA:13,1
DA:14,1
LF:12
LH:12
BRF:0
BRH:0
FNF:1
FNH:1
end_of_record
SF:/home/riandeoliveira/coding/portfolio-api/src/Portfolio.WebApi/Views/en-US/ForgotUserPassword.cshtml
FN:1,System.Void AspNetCoreGeneratedDocument.Views_en_US_ForgotUserPassword/<ExecuteAsync>d__0::MoveNext()
FNDA:0,System.Void AspNetCoreGeneratedDocument.Views_en_US_ForgotUserPassword/<ExecuteAsync>d__0::MoveNext()
DA:2,0
DA:10,0
DA:14,0
BRDA:10,119,1,0
BRDA:10,119,0,0
BRDA:10,271,1,0
BRDA:10,271,0,0
BRDA:10,401,1,0
BRDA:10,401,0,0
BRDA:10,493,1,0
BRDA:10,493,0,0
BRDA:14,641,1,0
BRDA:14,641,0,0
BRDA:14,793,1,0
BRDA:14,793,0,0
BRDA:14,929,1,0
BRDA:14,929,0,0
BRDA:14,1081,1,0
BRDA:14,1081,0,0
LF:3
LH:0
BRF:16
BRH:0
FNF:1
FNH:0
end_of_record
SF:/home/riandeoliveira/coding/portfolio-api/src/Portfolio.WebApi/Views/pt-BR/ForgotUserPassword.cshtml
FN:1,System.Void AspNetCoreGeneratedDocument.Views_pt_BR_ForgotUserPassword/<ExecuteAsync>d__0::MoveNext()
FNDA:0,System.Void AspNetCoreGeneratedDocument.Views_pt_BR_ForgotUserPassword/<ExecuteAsync>d__0::MoveNext()
DA:2,0
DA:10,0
DA:14,0
BRDA:10,119,1,0
BRDA:10,119,0,0
BRDA:10,271,1,0
BRDA:10,271,0,0
BRDA:10,401,1,0
BRDA:10,401,0,0
BRDA:10,493,1,0
BRDA:10,493,0,0
BRDA:14,641,1,0
BRDA:14,641,0,0
BRDA:14,793,1,0
BRDA:14,793,0,0
BRDA:14,929,1,0
BRDA:14,929,0,0
BRDA:14,1081,1,0
BRDA:14,1081,0,0
LF:3
LH:0
BRF:16
BRH:0
FNF:1
FNH:0
end_of_record
SF:/home/riandeoliveira/coding/portfolio-api/src/Portfolio.WebApi/Views/Shared/_Layout.cshtml
FN:55,System.Void AspNetCoreGeneratedDocument.Views_Shared__Layout/<ExecuteAsync>d__7::MoveNext()
FNDA:0,System.Void AspNetCoreGeneratedDocument.Views_Shared__Layout/<ExecuteAsync>d__7::MoveNext()
DA:56,0
BRDA:56,294,0,0
BRDA:56,294,1,0
LF:1
LH:0
BRF:2
BRH:0
FNF:1
FNH:0
end_of_record
SF:/home/riandeoliveira/coding/portfolio-api/src/Portfolio.WebApi/Extensions/ApplicationExtension.cs
FN:12,Microsoft.AspNetCore.Builder.WebApplication Portfolio.WebApi.Extensions.ApplicationExtension::ConfigureApplication(Microsoft.AspNetCore.Builder.WebApplication)
FNDA:1,Microsoft.AspNetCore.Builder.WebApplication Portfolio.WebApi.Extensions.ApplicationExtension::ConfigureApplication(Microsoft.AspNetCore.Builder.WebApplication)
DA:13,1
DA:14,1
DA:15,0
DA:16,0
DA:17,0
DA:18,0
DA:20,1
DA:21,1
DA:22,1
DA:23,1
DA:25,1
DA:26,1
DA:27,1
DA:28,1
DA:29,1
DA:30,1
DA:31,1
DA:32,1
DA:33,1
DA:35,1
DA:36,1
BRDA:14,14,0,0
BRDA:14,14,1,1
LF:21
LH:17
BRF:2
BRH:1
FNF:1
FNH:1
end_of_record
SF:/home/riandeoliveira/coding/portfolio-api/src/Portfolio.WebApi/Extensions/AuthenticationExtension.cs
FN:12,Microsoft.AspNetCore.Builder.WebApplicationBuilder Portfolio.WebApi.Extensions.AuthenticationExtension::ConfigureAuthentication(Microsoft.AspNetCore.Builder.WebApplicationBuilder)
FNDA:1,Microsoft.AspNetCore.Builder.WebApplicationBuilder Portfolio.WebApi.Extensions.AuthenticationExtension::ConfigureAuthentication(Microsoft.AspNetCore.Builder.WebApplicationBuilder)
DA:13,1
DA:14,1
DA:15,1
DA:16,1
DA:17,1
DA:18,1
DA:19,1
DA:20,1
DA:21,1
DA:22,1
DA:23,0
DA:24,0
DA:25,0
DA:26,0
DA:27,0
DA:28,0
DA:29,0
DA:30,0
DA:31,0
DA:32,0
DA:33,0
DA:34,0
DA:35,0
DA:36,0
DA:37,1
DA:39,1
DA:40,1
LF:27
LH:13
BRF:0
BRH:0
FNF:1
FNH:1
end_of_record
SF:/home/riandeoliveira/coding/portfolio-api/src/Portfolio.WebApi/Extensions/ContextExtension.cs
FN:10,Microsoft.AspNetCore.Builder.WebApplicationBuilder Portfolio.WebApi.Extensions.ContextExtension::ConfigureContext(Microsoft.AspNetCore.Builder.WebApplicationBuilder)
FNDA:1,Microsoft.AspNetCore.Builder.WebApplicationBuilder Portfolio.WebApi.Extensions.ContextExtension::ConfigureContext(Microsoft.AspNetCore.Builder.WebApplicationBuilder)
DA:11,1
DA:12,1
DA:21,1
DA:22,1
LF:4
LH:4
BRF:0
BRH:0
FNF:1
FNH:1
end_of_record
SF:/home/riandeoliveira/coding/portfolio-api/src/Portfolio.WebApi/Extensions/ControllersExtension.cs
FN:14,Microsoft.AspNetCore.Builder.WebApplicationBuilder Portfolio.WebApi.Extensions.ControllerExtension::ConfigureControllers(Microsoft.AspNetCore.Builder.WebApplicationBuilder)
FNDA:1,Microsoft.AspNetCore.Builder.WebApplicationBuilder Portfolio.WebApi.Extensions.ControllerExtension::ConfigureControllers(Microsoft.AspNetCore.Builder.WebApplicationBuilder)
DA:15,1
DA:16,1
DA:17,1
DA:18,1
DA:19,1
DA:20,1
DA:21,2
DA:23,1
DA:25,2
DA:27,1
DA:28,1
LF:11
LH:11
BRF:0
BRH:0
FNF:1
FNH:1
end_of_record
SF:/home/riandeoliveira/coding/portfolio-api/src/Portfolio.WebApi/Extensions/DependenciesExtension.cs
FN:13,Microsoft.AspNetCore.Builder.WebApplicationBuilder Portfolio.WebApi.Extensions.DependenciesExtension::ConfigureDependencies(Microsoft.AspNetCore.Builder.WebApplicationBuilder)
FNDA:1,Microsoft.AspNetCore.Builder.WebApplicationBuilder Portfolio.WebApi.Extensions.DependenciesExtension::ConfigureDependencies(Microsoft.AspNetCore.Builder.WebApplicationBuilder)
DA:14,1
DA:15,1
DA:16,1
DA:17,1
DA:18,1
DA:19,1
DA:20,1
DA:21,1
DA:22,1
DA:23,1
DA:24,1
DA:25,1
DA:27,1
DA:28,1
LF:14
LH:14
BRF:0
BRH:0
FNF:1
FNH:1
end_of_record
SF:/home/riandeoliveira/coding/portfolio-api/src/Portfolio.WebApi/Extensions/DocumentationExtension.cs
FN:12,System.Void Portfolio.WebApi.Extensions.AddHeaderParameter::Apply(Microsoft.OpenApi.Models.OpenApiOperation,Swashbuckle.AspNetCore.SwaggerGen.OperationFilterContext)
FNDA:0,System.Void Portfolio.WebApi.Extensions.AddHeaderParameter::Apply(Microsoft.OpenApi.Models.OpenApiOperation,Swashbuckle.AspNetCore.SwaggerGen.OperationFilterContext)
DA:13,0
DA:14,0
DA:16,0
DA:17,0
DA:18,0
DA:19,0
DA:20,0
DA:21,0
DA:22,0
DA:23,0
DA:24,0
DA:25,0
DA:26,0
DA:27,0
BRDA:14,9,0,0
BRDA:14,9,1,0
FN:32,Microsoft.AspNetCore.Builder.WebApplicationBuilder Portfolio.WebApi.Extensions.DocumentationExtension::ConfigureDocumentation(Microsoft.AspNetCore.Builder.WebApplicationBuilder)
FNDA:1,Microsoft.AspNetCore.Builder.WebApplicationBuilder Portfolio.WebApi.Extensions.DocumentationExtension::ConfigureDocumentation(Microsoft.AspNetCore.Builder.WebApplicationBuilder)
DA:33,1
DA:34,1
DA:35,1
DA:36,1
DA:37,1
DA:38,1
DA:39,1
DA:40,1
DA:41,1
DA:42,1
DA:44,1
DA:45,1
DA:46,1
DA:47,1
DA:48,1
DA:50,1
DA:51,1
DA:52,1
DA:53,1
DA:54,1
DA:55,1
DA:56,1
DA:58,1
DA:59,1
DA:60,1
DA:61,0
DA:62,0
DA:63,0
DA:64,0
DA:65,0
DA:66,0
DA:67,1
DA:69,1
DA:70,1
LF:48
LH:28
BRF:2
BRH:0
FNF:2
FNH:1
end_of_record
SF:/home/riandeoliveira/coding/portfolio-api/src/Portfolio.WebApi/Extensions/EnvironmentExtension.cs
FN:7,Microsoft.AspNetCore.Builder.WebApplicationBuilder Portfolio.WebApi.Extensions.EnvironmentExtension::ConfigureEnvironment(Microsoft.AspNetCore.Builder.WebApplicationBuilder)
FNDA:1,Microsoft.AspNetCore.Builder.WebApplicationBuilder Portfolio.WebApi.Extensions.EnvironmentExtension::ConfigureEnvironment(Microsoft.AspNetCore.Builder.WebApplicationBuilder)
DA:8,1
DA:9,1
DA:11,1
DA:12,1
LF:4
LH:4
BRF:0
BRH:0
FNF:1
FNH:1
end_of_record
SF:/home/riandeoliveira/coding/portfolio-api/src/Portfolio.WebApi/Extensions/LocalizationExtension.cs
FN:9,Microsoft.AspNetCore.Builder.WebApplicationBuilder Portfolio.WebApi.Extensions.LocalizationExtension::ConfigureLocalization(Microsoft.AspNetCore.Builder.WebApplicationBuilder)
FNDA:1,Microsoft.AspNetCore.Builder.WebApplicationBuilder Portfolio.WebApi.Extensions.LocalizationExtension::ConfigureLocalization(Microsoft.AspNetCore.Builder.WebApplicationBuilder)
DA:10,1
DA:11,1
DA:12,1
DA:13,1
DA:14,1
DA:15,1
DA:16,1
DA:17,1
DA:18,1
DA:19,1
DA:20,2
DA:22,1
DA:23,1
LF:13
LH:13
BRF:0
BRH:0
FNF:1
FNH:1
end_of_record
SF:/home/riandeoliveira/coding/portfolio-api/src/Portfolio.Domain/Services/LocalizationService.cs
FN:10,System.String Portfolio.Domain.Services.LocalizationService::GetCultureName()
FNDA:0,System.String Portfolio.Domain.Services.LocalizationService::GetCultureName()
DA:11,0
FN:13,System.String Portfolio.Domain.Services.LocalizationService::GetMessage(Portfolio.Domain.Enums.Message)
FNDA:0,System.String Portfolio.Domain.Services.LocalizationService::GetMessage(Portfolio.Domain.Enums.Message)
DA:14,0
DA:15,0
DA:16,0
DA:17,0
DA:18,0
DA:19,0
DA:20,0
DA:21,0
BRDA:15,27,0,0
BRDA:15,27,1,0
BRDA:15,40,1,0
BRDA:15,40,0,0
FN:23,System.String Portfolio.Domain.Services.LocalizationService::GetMessageFromResource(Portfolio.Domain.Enums.Message)
FNDA:0,System.String Portfolio.Domain.Services.LocalizationService::GetMessageFromResource(Portfolio.Domain.Enums.Message)
DA:24,0
DA:25,0
DA:27,0
DA:28,0
BRDA:27,31,0,0
BRDA:27,31,1,0
BRDA:27,44,0,0
BRDA:27,44,1,0
LF:13
LH:0
BRF:8
BRH:0
FNF:3
FNH:0
end_of_record
SF:/home/riandeoliveira/coding/portfolio-api/src/Portfolio.Domain/Exceptions/BaseException.cs
FN:7,System.Void Portfolio.Domain.Exceptions.BaseException::.ctor(Portfolio.Domain.Enums.Message)
FNDA:0,System.Void Portfolio.Domain.Exceptions.BaseException::.ctor(Portfolio.Domain.Enums.Message)
DA:8,0
DA:9,0
DA:10,0
FN:11,System.Void Portfolio.Domain.Exceptions.BaseException::.ctor(System.String)
FNDA:0,System.Void Portfolio.Domain.Exceptions.BaseException::.ctor(System.String)
DA:12,0
DA:13,0
DA:14,0
LF:6
LH:0
BRF:0
BRH:0
FNF:2
FNH:0
end_of_record
SF:/home/riandeoliveira/coding/portfolio-api/src/Portfolio.Domain/Entities/Author.cs
FN:14,System.String Portfolio.Domain.Entities.Author::get_Name()
FNDA:2,System.String Portfolio.Domain.Entities.Author::get_Name()
DA:15,2
FN:21,System.String Portfolio.Domain.Entities.Author::get_FullName()
FNDA:2,System.String Portfolio.Domain.Entities.Author::get_FullName()
DA:22,2
FN:28,System.String Portfolio.Domain.Entities.Author::get_Position()
FNDA:2,System.String Portfolio.Domain.Entities.Author::get_Position()
DA:29,2
FN:35,System.String Portfolio.Domain.Entities.Author::get_Description()
FNDA:2,System.String Portfolio.Domain.Entities.Author::get_Description()
DA:36,2
FN:42,System.String Portfolio.Domain.Entities.Author::get_AvatarUrl()
FNDA:2,System.String Portfolio.Domain.Entities.Author::get_AvatarUrl()
DA:43,2
FN:47,System.String Portfolio.Domain.Entities.Author::get_SpotifyAccountName()
FNDA:2,System.String Portfolio.Domain.Entities.Author::get_SpotifyAccountName()
DA:48,2
FN:53,System.Guid Portfolio.Domain.Entities.Author::get_UserId()
FNDA:2,System.Guid Portfolio.Domain.Entities.Author::get_UserId()
DA:54,2
FN:55,Portfolio.Domain.Entities.User Portfolio.Domain.Entities.Author::get_User()
FNDA:0,Portfolio.Domain.Entities.User Portfolio.Domain.Entities.Author::get_User()
DA:56,0
LF:8
LH:7
BRF:0
BRH:0
FNF:8
FNH:7
end_of_record
SF:/home/riandeoliveira/coding/portfolio-api/src/Portfolio.Domain/Entities/BaseEntity.cs
FN:12,System.Guid Portfolio.Domain.Entities.BaseEntity::get_Id()
FNDA:20,System.Guid Portfolio.Domain.Entities.BaseEntity::get_Id()
DA:13,20
FN:18,System.DateTime Portfolio.Domain.Entities.BaseEntity::get_CreatedAt()
FNDA:18,System.DateTime Portfolio.Domain.Entities.BaseEntity::get_CreatedAt()
DA:19,18
FN:22,System.Nullable`1<System.DateTime> Portfolio.Domain.Entities.BaseEntity::get_UpdatedAt()
FNDA:10,System.Nullable`1<System.DateTime> Portfolio.Domain.Entities.BaseEntity::get_UpdatedAt()
DA:23,10
FN:26,System.Nullable`1<System.DateTime> Portfolio.Domain.Entities.BaseEntity::get_RemovedAt()
FNDA:10,System.Nullable`1<System.DateTime> Portfolio.Domain.Entities.BaseEntity::get_RemovedAt()
DA:27,10
LF:4
LH:4
BRF:0
BRH:0
FNF:4
FNH:4
end_of_record
SF:/home/riandeoliveira/coding/portfolio-api/src/Portfolio.Domain/Entities/User.cs
FN:16,System.String Portfolio.Domain.Entities.User::get_Email()
FNDA:6,System.String Portfolio.Domain.Entities.User::get_Email()
DA:17,6
FN:24,System.String Portfolio.Domain.Entities.User::get_Password()
FNDA:10,System.String Portfolio.Domain.Entities.User::get_Password()
DA:25,10
LF:2
LH:2
BRF:0
BRH:0
FNF:2
FNH:2
end_of_record
SF:/home/riandeoliveira/coding/portfolio-api/src/Portfolio.Domain/Dtos/AuthorDto.cs
FN:3,System.Guid Portfolio.Domain.Dtos.AuthorDto::get_Id()
FNDA:0,System.Guid Portfolio.Domain.Dtos.AuthorDto::get_Id()
DA:4,0
FN:4,System.String Portfolio.Domain.Dtos.AuthorDto::get_Name()
FNDA:0,System.String Portfolio.Domain.Dtos.AuthorDto::get_Name()
DA:5,0
FN:5,System.String Portfolio.Domain.Dtos.AuthorDto::get_FullName()
FNDA:0,System.String Portfolio.Domain.Dtos.AuthorDto::get_FullName()
DA:6,0
FN:6,System.String Portfolio.Domain.Dtos.AuthorDto::get_Position()
FNDA:0,System.String Portfolio.Domain.Dtos.AuthorDto::get_Position()
DA:7,0
FN:7,System.String Portfolio.Domain.Dtos.AuthorDto::get_Description()
FNDA:0,System.String Portfolio.Domain.Dtos.AuthorDto::get_Description()
DA:8,0
FN:8,System.String Portfolio.Domain.Dtos.AuthorDto::get_AvatarUrl()
FNDA:0,System.String Portfolio.Domain.Dtos.AuthorDto::get_AvatarUrl()
DA:9,0
FN:9,System.String Portfolio.Domain.Dtos.AuthorDto::get_SpotifyAccountName()
FNDA:0,System.String Portfolio.Domain.Dtos.AuthorDto::get_SpotifyAccountName()
DA:10,0
FN:2,System.Void Portfolio.Domain.Dtos.AuthorDto::.ctor(System.Guid,System.String,System.String,System.String,System.String,System.String,System.String)
FNDA:0,System.Void Portfolio.Domain.Dtos.AuthorDto::.ctor(System.Guid,System.String,System.String,System.String,System.String,System.String,System.String)
DA:3,0
DA:11,0
LF:9
LH:0
BRF:0
BRH:0
FNF:8
FNH:0
end_of_record
SF:/home/riandeoliveira/coding/portfolio-api/src/Portfolio.Domain/Dtos/MailSenderDto.cs
FN:5,System.String Portfolio.Domain.Dtos.MailSenderDto::get_Recipient()
FNDA:0,System.String Portfolio.Domain.Dtos.MailSenderDto::get_Recipient()
DA:6,0
FN:6,Portfolio.Domain.Enums.Message Portfolio.Domain.Dtos.MailSenderDto::get_Subject()
FNDA:0,Portfolio.Domain.Enums.Message Portfolio.Domain.Dtos.MailSenderDto::get_Subject()
DA:7,0
FN:7,System.String Portfolio.Domain.Dtos.MailSenderDto::get_ViewName()
FNDA:0,System.String Portfolio.Domain.Dtos.MailSenderDto::get_ViewName()
DA:8,0
FN:8,System.Object Portfolio.Domain.Dtos.MailSenderDto::get_ViewModel()
FNDA:0,System.Object Portfolio.Domain.Dtos.MailSenderDto::get_ViewModel()
DA:9,0
FN:4,System.Void Portfolio.Domain.Dtos.MailSenderDto::.ctor(System.String,Portfolio.Domain.Enums.Message,System.String,System.Object)
FNDA:0,System.Void Portfolio.Domain.Dtos.MailSenderDto::.ctor(System.String,Portfolio.Domain.Enums.Message,System.String,System.Object)
DA:5,0
DA:10,0
LF:6
LH:0
BRF:0
BRH:0
FNF:5
FNH:0
end_of_record
SF:/home/riandeoliveira/coding/portfolio-api/src/Portfolio.Domain/Dtos/PaginationDto.cs
FN:5,System.Int32 Portfolio.Domain.Dtos.PaginationDto`1::get_PageNumber()
FNDA:0,System.Int32 Portfolio.Domain.Dtos.PaginationDto`1::get_PageNumber()
DA:6,0
FN:6,System.Int32 Portfolio.Domain.Dtos.PaginationDto`1::get_PageSize()
FNDA:0,System.Int32 Portfolio.Domain.Dtos.PaginationDto`1::get_PageSize()
DA:7,0
FN:7,System.Int32 Portfolio.Domain.Dtos.PaginationDto`1::get_TotalPages()
FNDA:0,System.Int32 Portfolio.Domain.Dtos.PaginationDto`1::get_TotalPages()
DA:8,0
FN:8,System.Collections.Generic.IEnumerable`1<TEntity> Portfolio.Domain.Dtos.PaginationDto`1::get_Entities()
FNDA:0,System.Collections.Generic.IEnumerable`1<TEntity> Portfolio.Domain.Dtos.PaginationDto`1::get_Entities()
DA:9,0
FN:4,System.Void Portfolio.Domain.Dtos.PaginationDto`1::.ctor(System.Int32,System.Int32,System.Int32,System.Collections.Generic.IEnumerable`1<TEntity>)
FNDA:0,System.Void Portfolio.Domain.Dtos.PaginationDto`1::.ctor(System.Int32,System.Int32,System.Int32,System.Collections.Generic.IEnumerable`1<TEntity>)
DA:5,0
DA:10,0
LF:6
LH:0
BRF:0
BRH:0
FNF:5
FNH:0
end_of_record
SF:/home/riandeoliveira/coding/portfolio-api/src/Portfolio.Domain/Dtos/TokenDto.cs
FN:3,System.String Portfolio.Domain.Dtos.TokenDto::get_AccessToken()
FNDA:0,System.String Portfolio.Domain.Dtos.TokenDto::get_AccessToken()
DA:4,0
FN:4,System.String Portfolio.Domain.Dtos.TokenDto::get_RefreshToken()
FNDA:0,System.String Portfolio.Domain.Dtos.TokenDto::get_RefreshToken()
DA:5,0
FN:5,System.Int64 Portfolio.Domain.Dtos.TokenDto::get_Expires()
FNDA:0,System.Int64 Portfolio.Domain.Dtos.TokenDto::get_Expires()
DA:6,0
FN:6,System.Guid Portfolio.Domain.Dtos.TokenDto::get_UserId()
FNDA:0,System.Guid Portfolio.Domain.Dtos.TokenDto::get_UserId()
DA:7,0
FN:2,System.Void Portfolio.Domain.Dtos.TokenDto::.ctor(System.String,System.String,System.Int64,System.Guid)
FNDA:0,System.Void Portfolio.Domain.Dtos.TokenDto::.ctor(System.String,System.String,System.Int64,System.Guid)
DA:3,0
DA:8,0
LF:6
LH:0
BRF:0
BRH:0
FNF:5
FNH:0
end_of_record
SF:/home/riandeoliveira/coding/portfolio-api/src/Portfolio.Domain/Dtos/UserDto.cs
FN:2,System.Guid Portfolio.Domain.Dtos.UserDto::get_Id()
FNDA:0,System.Guid Portfolio.Domain.Dtos.UserDto::get_Id()
DA:3,0
LF:1
LH:0
BRF:0
BRH:0
FNF:1
FNH:0
end_of_record
SF:/home/riandeoliveira/coding/portfolio-api/src/Portfolio.Domain/Constants/Database.cs
FN:5,System.String Portfolio.Domain.Constants.Database::get_CONNECTION_STRING()
FNDA:1,System.String Portfolio.Domain.Constants.Database::get_CONNECTION_STRING()
DA:6,1
DA:7,1
DA:8,1
DA:9,1
DA:10,1
DA:11,1
DA:12,1
LF:7
LH:7
BRF:0
BRH:0
FNF:1
FNH:1
end_of_record
SF:/home/riandeoliveira/coding/portfolio-api/src/Portfolio.Domain/Constants/EnvironmentVariables.cs
FN:5,System.String Portfolio.Domain.Constants.EnvironmentVariables::get_CLIENT_URL()
FNDA:1,System.String Portfolio.Domain.Constants.EnvironmentVariables::get_CLIENT_URL()
DA:6,1
BRDA:6,11,0,0
BRDA:6,11,1,1
FN:8,System.String Portfolio.Domain.Constants.EnvironmentVariables::get_DATABASE_HOST()
FNDA:2,System.String Portfolio.Domain.Constants.EnvironmentVariables::get_DATABASE_HOST()
DA:9,2
BRDA:9,11,0,0
BRDA:9,11,1,2
FN:9,System.String Portfolio.Domain.Constants.EnvironmentVariables::get_DATABASE_NAME()
FNDA:2,System.String Portfolio.Domain.Constants.EnvironmentVariables::get_DATABASE_NAME()
DA:10,2
BRDA:10,11,0,0
BRDA:10,11,1,2
FN:10,System.String Portfolio.Domain.Constants.EnvironmentVariables::get_DATABASE_PASSWORD()
FNDA:2,System.String Portfolio.Domain.Constants.EnvironmentVariables::get_DATABASE_PASSWORD()
DA:11,2
BRDA:11,11,0,0
BRDA:11,11,1,2
FN:11,System.String Portfolio.Domain.Constants.EnvironmentVariables::get_DATABASE_PORT()
FNDA:2,System.String Portfolio.Domain.Constants.EnvironmentVariables::get_DATABASE_PORT()
DA:12,2
BRDA:12,11,0,0
BRDA:12,11,1,2
FN:12,System.String Portfolio.Domain.Constants.EnvironmentVariables::get_DATABASE_USER()
FNDA:2,System.String Portfolio.Domain.Constants.EnvironmentVariables::get_DATABASE_USER()
DA:13,2
BRDA:13,11,0,0
BRDA:13,11,1,2
FN:15,System.String Portfolio.Domain.Constants.EnvironmentVariables::get_MAIL_HOST()
FNDA:1,System.String Portfolio.Domain.Constants.EnvironmentVariables::get_MAIL_HOST()
DA:16,1
BRDA:16,11,0,0
BRDA:16,11,1,1
FN:16,System.String Portfolio.Domain.Constants.EnvironmentVariables::get_MAIL_PASSWORD()
FNDA:1,System.String Portfolio.Domain.Constants.EnvironmentVariables::get_MAIL_PASSWORD()
DA:17,1
BRDA:17,11,0,0
BRDA:17,11,1,1
FN:17,System.String Portfolio.Domain.Constants.EnvironmentVariables::get_MAIL_PORT()
FNDA:1,System.String Portfolio.Domain.Constants.EnvironmentVariables::get_MAIL_PORT()
DA:18,1
BRDA:18,11,0,0
BRDA:18,11,1,1
FN:18,System.String Portfolio.Domain.Constants.EnvironmentVariables::get_MAIL_SENDER()
FNDA:1,System.String Portfolio.Domain.Constants.EnvironmentVariables::get_MAIL_SENDER()
DA:19,1
BRDA:19,11,0,0
BRDA:19,11,1,1
FN:19,System.String Portfolio.Domain.Constants.EnvironmentVariables::get_MAIL_USERNAME()
FNDA:1,System.String Portfolio.Domain.Constants.EnvironmentVariables::get_MAIL_USERNAME()
DA:20,1
BRDA:20,11,0,0
BRDA:20,11,1,1
FN:22,System.String Portfolio.Domain.Constants.EnvironmentVariables::get_JWT_AUDIENCE()
FNDA:1,System.String Portfolio.Domain.Constants.EnvironmentVariables::get_JWT_AUDIENCE()
DA:23,1
BRDA:23,11,0,0
BRDA:23,11,1,1
FN:23,System.String Portfolio.Domain.Constants.EnvironmentVariables::get_JWT_ISSUER()
FNDA:1,System.String Portfolio.Domain.Constants.EnvironmentVariables::get_JWT_ISSUER()
DA:24,1
BRDA:24,11,0,0
BRDA:24,11,1,1
FN:24,System.String Portfolio.Domain.Constants.EnvironmentVariables::get_JWT_SECRET()
FNDA:1,System.String Portfolio.Domain.Constants.EnvironmentVariables::get_JWT_SECRET()
DA:25,1
BRDA:25,11,0,0
BRDA:25,11,1,1
LF:14
LH:14
BRF:28
BRH:14
FNF:14
FNH:14
end_of_record
SF:/home/riandeoliveira/.nuget/packages/microsoft.net.test.sdk/17.8.0/build/netcoreapp3.1/Microsoft.NET.Test.Sdk.Program.cs
FN:3,System.Void AutoGeneratedProgram::Main(System.String[])
FNDA:0,System.Void AutoGeneratedProgram::Main(System.String[])
DA:4,0
LF:1
LH:0
BRF:0
BRH:0
FNF:1
FNH:0
end_of_record
SF:/home/riandeoliveira/coding/portfolio-api/tests/Portfolio.Domain.IntegrationTests/Helpers/HttpHelper.cs
FN:10,System.Void Portfolio.Domain.IntegrationTests.HttpHelper::.ctor(Portfolio.Domain.IntegrationTests.Factories.IntegrationTestWebAppFactory)
FNDA:0,System.Void Portfolio.Domain.IntegrationTests.HttpHelper::.ctor(Portfolio.Domain.IntegrationTests.Factories.IntegrationTestWebAppFactory)
DA:11,0
FN:13,System.Void Portfolio.Domain.IntegrationTests.HttpHelper/<AuthenticateAsync>d__1::MoveNext()
FNDA:0,System.Void Portfolio.Domain.IntegrationTests.HttpHelper/<AuthenticateAsync>d__1::MoveNext()
DA:14,0
DA:15,0
DA:16,0
DA:17,0
DA:18,0
DA:20,0
DA:23,0
LF:8
LH:0
BRF:0
BRH:0
FNF:2
FNH:0
end_of_record
SF:/home/riandeoliveira/coding/portfolio-api/tests/Portfolio.Domain.IntegrationTests/Factories/IntegrationTestWebApplicationFactory.cs
FN:19,System.Void Portfolio.Domain.IntegrationTests.Factories.IntegrationTestWebAppFactory::ConfigureWebHost(Microsoft.AspNetCore.Hosting.IWebHostBuilder)
FNDA:0,System.Void Portfolio.Domain.IntegrationTests.Factories.IntegrationTestWebAppFactory::ConfigureWebHost(Microsoft.AspNetCore.Hosting.IWebHostBuilder)
DA:20,0
DA:21,0
DA:22,0
DA:23,0
DA:24,0
DA:25,0
DA:26,0
DA:27,0
DA:28,0
DA:29,0
DA:30,0
DA:31,0
DA:32,0
DA:33,0
DA:34,0
DA:35,0
DA:36,0
DA:37,0
DA:38,0
DA:39,0
FN:13,System.Void Portfolio.Domain.IntegrationTests.Factories.IntegrationTestWebAppFactory::.ctor()
FNDA:0,System.Void Portfolio.Domain.IntegrationTests.Factories.IntegrationTestWebAppFactory::.ctor()
DA:14,0
DA:15,0
DA:16,0
DA:17,0
FN:41,System.Void Portfolio.Domain.IntegrationTests.Factories.IntegrationTestWebAppFactory/<DisposeAsync>d__2::MoveNext()
FNDA:0,System.Void Portfolio.Domain.IntegrationTests.Factories.IntegrationTestWebAppFactory/<DisposeAsync>d__2::MoveNext()
DA:42,0
DA:43,0
DA:44,0
FN:46,System.Void Portfolio.Domain.IntegrationTests.Factories.IntegrationTestWebAppFactory/<InitializeAsync>d__3::MoveNext()
FNDA:0,System.Void Portfolio.Domain.IntegrationTests.Factories.IntegrationTestWebAppFactory/<InitializeAsync>d__3::MoveNext()
DA:47,0
DA:48,0
DA:50,0
DA:52,0
DA:53,0
DA:54,0
FN:56,System.Void Portfolio.Domain.IntegrationTests.Factories.IntegrationTestWebAppFactory/<StartContainer>d__4::MoveNext()
FNDA:0,System.Void Portfolio.Domain.IntegrationTests.Factories.IntegrationTestWebAppFactory/<StartContainer>d__4::MoveNext()
DA:57,0
DA:58,0
DA:59,0
FN:61,System.Void Portfolio.Domain.IntegrationTests.Factories.IntegrationTestWebAppFactory/<StopContainer>d__5::MoveNext()
FNDA:0,System.Void Portfolio.Domain.IntegrationTests.Factories.IntegrationTestWebAppFactory/<StopContainer>d__5::MoveNext()
DA:62,0
DA:63,0
DA:64,0
LF:39
LH:0
BRF:2
BRH:0
FNF:6
FNH:0
end_of_record
SF:/home/riandeoliveira/coding/portfolio-api/tests/Portfolio.Domain.IntegrationTests/Extensions/HttpResponseExtension.cs
FN:8,System.Void Portfolio.Domain.IntegrationTests.Extensions.HttpResponseExtension/<GetBody>d__0`1::MoveNext()
FNDA:0,System.Void Portfolio.Domain.IntegrationTests.Extensions.HttpResponseExtension/<GetBody>d__0`1::MoveNext()
DA:9,0
DA:10,0
DA:11,0
DA:12,0
DA:13,0
DA:15,0
DA:17,0
DA:18,0
BRDA:17,204,0,0
BRDA:17,204,1,0
LF:8
LH:0
BRF:2
BRH:0
FNF:1
FNH:0
end_of_record
SF:/home/riandeoliveira/coding/portfolio-api/tests/Portfolio.Domain.IntegrationTests/Constants/EnvironmentVariablesTest.cs
FN:12,System.Void Portfolio.Domain.IntegrationTests.Constants.EnvironmentVariablesTest::ShouldHaveValidEnvironmentVariables()
FNDA:0,System.Void Portfolio.Domain.IntegrationTests.Constants.EnvironmentVariablesTest::ShouldHaveValidEnvironmentVariables()
DA:13,0
DA:14,0
DA:16,0
DA:17,0
DA:18,0
DA:19,0
DA:20,0
DA:22,0
DA:23,0
DA:24,0
DA:25,0
DA:26,0
DA:28,0
DA:29,0
DA:30,0
DA:31,0
FN:8,System.Void Portfolio.Domain.IntegrationTests.Constants.EnvironmentVariablesTest::.ctor(Portfolio.Domain.IntegrationTests.Factories.IntegrationTestWebAppFactory)
FNDA:0,System.Void Portfolio.Domain.IntegrationTests.Constants.EnvironmentVariablesTest::.ctor(Portfolio.Domain.IntegrationTests.Factories.IntegrationTestWebAppFactory)
DA:9,0
LF:17
LH:0
BRF:0
BRH:0
FNF:2
FNH:0
end_of_record
SF:/home/riandeoliveira/coding/portfolio-api/tests/Portfolio.Domain.IntegrationTests/Common/BaseIntegrationTest.cs
FN:11,System.Void Portfolio.Domain.IntegrationTests.Common.BaseIntegrationTest::.ctor(Portfolio.Domain.IntegrationTests.Factories.IntegrationTestWebAppFactory)
FNDA:0,System.Void Portfolio.Domain.IntegrationTests.Common.BaseIntegrationTest::.ctor(Portfolio.Domain.IntegrationTests.Factories.IntegrationTestWebAppFactory)
DA:12,0
DA:14,0
DA:15,0
DA:16,0
DA:17,0
DA:18,0
DA:19,0
DA:20,0
DA:21,0
DA:22,0
LF:10
LH:0
BRF:0
BRH:0
FNF:1
FNH:0
end_of_record
SF:/home/riandeoliveira/coding/portfolio-api/src/Portfolio.Infrastructure/Validators/EmailValidator.cs
FN:9,System.String Portfolio.Infrastructure.Validators.EmailValidator`2::get_Name()
FNDA:0,System.String Portfolio.Infrastructure.Validators.EmailValidator`2::get_Name()
DA:10,0
FN:12,System.Boolean Portfolio.Infrastructure.Validators.EmailValidator`2::IsValid(FluentValidation.ValidationContext`1<T>,TProperty)
FNDA:0,System.Boolean Portfolio.Infrastructure.Validators.EmailValidator`2::IsValid(FluentValidation.ValidationContext`1<T>,TProperty)
DA:13,0
DA:14,0
DA:16,0
DA:17,0
BRDA:16,23,0,0
BRDA:16,39,0,0
BRDA:16,23,1,0
BRDA:16,39,1,0
BRDA:16,57,0,0
BRDA:16,57,1,0
LF:5
LH:0
BRF:6
BRH:0
FNF:2
FNH:0
end_of_record
SF:/home/riandeoliveira/coding/portfolio-api/src/Portfolio.Infrastructure/Validators/PasswordValidator.cs
FN:9,System.String Portfolio.Infrastructure.Validators.PasswordValidator`2::get_Name()
FNDA:0,System.String Portfolio.Infrastructure.Validators.PasswordValidator`2::get_Name()
DA:10,0
FN:12,System.Boolean Portfolio.Infrastructure.Validators.PasswordValidator`2::IsValid(FluentValidation.ValidationContext`1<T>,TProperty)
FNDA:0,System.Boolean Portfolio.Infrastructure.Validators.PasswordValidator`2::IsValid(FluentValidation.ValidationContext`1<T>,TProperty)
DA:13,0
DA:14,0
DA:16,0
DA:17,0
BRDA:16,23,0,0
BRDA:16,39,0,0
BRDA:16,23,1,0
BRDA:16,39,1,0
BRDA:16,57,0,0
BRDA:16,57,1,0
LF:5
LH:0
BRF:6
BRH:0
FNF:2
FNH:0
end_of_record
SF:/home/riandeoliveira/coding/portfolio-api/src/Portfolio.Infrastructure/Tools/PaginationTool.cs
FN:14,System.Void Portfolio.Infrastructure.Tools.PaginationTool`1/<PaginateAsync>d__0::MoveNext()
FNDA:0,System.Void Portfolio.Infrastructure.Tools.PaginationTool`1/<PaginateAsync>d__0::MoveNext()
DA:15,0
DA:16,0
DA:17,0
DA:18,0
DA:19,0
DA:20,0
DA:22,0
DA:23,0
DA:24,0
DA:26,0
DA:27,0
DA:28,0
DA:29,0
DA:31,0
DA:32,0
DA:33,0
DA:34,0
DA:35,0
DA:36,0
DA:37,0
BRDA:16,36,0,0
BRDA:16,36,1,0
BRDA:16,55,0,0
BRDA:16,55,1,0
LF:20
LH:0
BRF:4
BRH:0
FNF:1
FNH:0
end_of_record
SF:/home/riandeoliveira/coding/portfolio-api/src/Portfolio.Infrastructure/Tools/PasswordTool.cs
FN:5,System.String Portfolio.Infrastructure.Tools.PasswordTool::Hash(System.String)
FNDA:2,System.String Portfolio.Infrastructure.Tools.PasswordTool::Hash(System.String)
DA:6,2
DA:7,2
DA:8,2
FN:10,System.Boolean Portfolio.Infrastructure.Tools.PasswordTool::Verify(System.String,System.String)
FNDA:0,System.Boolean Portfolio.Infrastructure.Tools.PasswordTool::Verify(System.String,System.String)
DA:11,0
DA:12,0
DA:13,0
LF:6
LH:3
BRF:0
BRH:0
FNF:2
FNH:1
end_of_record
SF:/home/riandeoliveira/coding/portfolio-api/src/Portfolio.Infrastructure/Services/AuthService.cs
FN:101,Portfolio.Domain.Dtos.UserDto Portfolio.Infrastructure.Services.AuthService::ParseUserFromAccessToken(System.String)
FNDA:0,Portfolio.Domain.Dtos.UserDto Portfolio.Infrastructure.Services.AuthService::ParseUserFromAccessToken(System.String)
DA:102,0
DA:103,0
DA:105,0
DA:107,0
DA:108,0
DA:110,0
DA:112,0
DA:113,0
FN:75,System.String Portfolio.Infrastructure.Services.AuthService::<GetAccessTokenFromHeaderAsync>b__5_0()
FNDA:0,System.String Portfolio.Infrastructure.Services.AuthService::<GetAccessTokenFromHeaderAsync>b__5_0()
DA:76,0
DA:77,0
DA:78,0
DA:80,0
DA:81,0
DA:82,0
DA:83,0
BRDA:77,13,0,0
BRDA:77,13,1,0
BRDA:77,55,0,0
BRDA:77,55,1,0
BRDA:78,74,0,0
BRDA:78,74,1,0
BRDA:80,97,0,0
BRDA:80,97,1,0
FN:16,System.Void Portfolio.Infrastructure.Services.AuthService::.ctor(Microsoft.AspNetCore.Http.IHttpContextAccessor)
FNDA:0,System.Void Portfolio.Infrastructure.Services.AuthService::.ctor(Microsoft.AspNetCore.Http.IHttpContextAccessor)
DA:17,0
DA:19,0
FN:23,System.String Portfolio.Infrastructure.Services.AuthService/<>c::<GenerateRefreshTokenAsync>b__3_0()
FNDA:0,System.String Portfolio.Infrastructure.Services.AuthService/<>c::<GenerateRefreshTokenAsync>b__3_0()
DA:24,0
DA:25,0
DA:27,0
DA:29,0
DA:31,0
DA:32,0
FN:37,System.Void Portfolio.Infrastructure.Services.AuthService/<>c__DisplayClass4_0/<<GenerateTokenDataAsync>b__0>d::MoveNext()
FNDA:0,System.Void Portfolio.Infrastructure.Services.AuthService/<>c__DisplayClass4_0/<<GenerateTokenDataAsync>b__0>d::MoveNext()
DA:38,0
DA:39,0
DA:40,0
DA:41,0
DA:42,0
DA:43,0
DA:45,0
DA:46,0
DA:48,0
DA:50,0
DA:51,0
DA:52,0
DA:53,0
DA:54,0
DA:55,0
DA:56,0
DA:57,0
DA:59,0
DA:61,0
DA:62,0
DA:64,0
DA:65,0
DA:66,0
DA:67,0
DA:68,0
DA:69,0
DA:70,0
FN:88,System.Void Portfolio.Infrastructure.Services.AuthService/<>c__DisplayClass6_0/<<GetCurrentUserAsync>b__0>d::MoveNext()
FNDA:0,System.Void Portfolio.Infrastructure.Services.AuthService/<>c__DisplayClass6_0/<<GetCurrentUserAsync>b__0>d::MoveNext()
DA:89,0
DA:90,0
DA:92,0
DA:93,0
FN:97,Portfolio.Domain.Dtos.UserDto Portfolio.Infrastructure.Services.AuthService/<>c__DisplayClass7_0::<GetUserFromAccessTokenAsync>b__0()
FNDA:0,Portfolio.Domain.Dtos.UserDto Portfolio.Infrastructure.Services.AuthService/<>c__DisplayClass7_0::<GetUserFromAccessTokenAsync>b__0()
DA:98,0
FN:21,System.Void Portfolio.Infrastructure.Services.AuthService/<GenerateRefreshTokenAsync>d__3::MoveNext()
FNDA:0,System.Void Portfolio.Infrastructure.Services.AuthService/<GenerateRefreshTokenAsync>d__3::MoveNext()
DA:22,0
DA:23,0
DA:26,0
DA:28,0
DA:30,0
DA:33,0
FN:35,System.Void Portfolio.Infrastructure.Services.AuthService/<GenerateTokenDataAsync>d__4::MoveNext()
FNDA:0,System.Void Portfolio.Infrastructure.Services.AuthService/<GenerateTokenDataAsync>d__4::MoveNext()
DA:36,0
DA:37,0
DA:44,0
DA:47,0
DA:49,0
DA:58,0
DA:60,0
DA:63,0
DA:71,0
FN:73,System.Void Portfolio.Infrastructure.Services.AuthService/<GetAccessTokenFromHeaderAsync>d__5::MoveNext()
FNDA:0,System.Void Portfolio.Infrastructure.Services.AuthService/<GetAccessTokenFromHeaderAsync>d__5::MoveNext()
DA:74,0
DA:75,0
DA:79,0
DA:84,0
FN:86,System.Void Portfolio.Infrastructure.Services.AuthService/<GetCurrentUserAsync>d__6::MoveNext()
FNDA:0,System.Void Portfolio.Infrastructure.Services.AuthService/<GetCurrentUserAsync>d__6::MoveNext()
DA:87,0
DA:88,0
DA:91,0
DA:94,0
FN:96,System.Void Portfolio.Infrastructure.Services.AuthService/<GetUserFromAccessTokenAsync>d__7::MoveNext()
FNDA:0,System.Void Portfolio.Infrastructure.Services.AuthService/<GetUserFromAccessTokenAsync>d__7::MoveNext()
DA:97,0
DA:99,0
LF:80
LH:0
BRF:8
BRH:0
FNF:12
FNH:0
end_of_record
SF:/home/riandeoliveira/coding/portfolio-api/src/Portfolio.Infrastructure/Services/MailService.cs
FN:15,System.Void Portfolio.Infrastructure.Services.MailService/<SendMailAsync>d__0::MoveNext()
FNDA:0,System.Void Portfolio.Infrastructure.Services.MailService/<SendMailAsync>d__0::MoveNext()
DA:16,0
DA:17,0
DA:18,0
DA:19,0
DA:20,0
DA:21,0
DA:22,0
DA:23,0
DA:25,0
DA:26,0
DA:28,0
DA:29,0
DA:30,0
DA:31,0
DA:32,0
DA:33,0
DA:34,0
DA:36,0
DA:38,0
DA:39,0
LF:20
LH:0
BRF:0
BRH:0
FNF:1
FNH:0
end_of_record
SF:/home/riandeoliveira/coding/portfolio-api/src/Portfolio.Infrastructure/SeedWork/UnitOfWork.cs
FN:5,System.Void Portfolio.Infrastructure.SeedWork.UnitOfWork::.ctor(Portfolio.Infrastructure.Contexts.DatabaseContext)
FNDA:0,System.Void Portfolio.Infrastructure.SeedWork.UnitOfWork::.ctor(Portfolio.Infrastructure.Contexts.DatabaseContext)
DA:6,0
FN:8,System.Void Portfolio.Infrastructure.SeedWork.UnitOfWork/<CommitAsync>d__2::MoveNext()
FNDA:0,System.Void Portfolio.Infrastructure.SeedWork.UnitOfWork/<CommitAsync>d__2::MoveNext()
DA:9,0
DA:10,0
DA:11,0
LF:4
LH:0
BRF:0
BRH:0
FNF:2
FNH:0
end_of_record
SF:/home/riandeoliveira/coding/portfolio-api/src/Portfolio.Infrastructure/Repositories/AuthorRepository.cs
FN:15,System.Void Portfolio.Infrastructure.Repositories.AuthorRepository::.ctor(Portfolio.Infrastructure.Contexts.DatabaseContext,Portfolio.Domain.Interfaces.IAuthService)
FNDA:0,System.Void Portfolio.Infrastructure.Repositories.AuthorRepository::.ctor(Portfolio.Infrastructure.Contexts.DatabaseContext,Portfolio.Domain.Interfaces.IAuthService)
DA:16,0
FN:18,System.Void Portfolio.Infrastructure.Repositories.AuthorRepository/<FindOneOrThrowAsync>d__2::MoveNext()
FNDA:0,System.Void Portfolio.Infrastructure.Repositories.AuthorRepository/<FindOneOrThrowAsync>d__2::MoveNext()
DA:19,0
DA:20,0
DA:22,0
DA:23,0
DA:24,0
DA:25,0
DA:26,0
DA:28,0
DA:29,0
DA:30,0
DA:31,0
BRDA:28,556,0,0
BRDA:28,556,1,0
FN:33,System.Void Portfolio.Infrastructure.Repositories.AuthorRepository/<FindOneOrThrowAsync>d__3::MoveNext()
FNDA:0,System.Void Portfolio.Infrastructure.Repositories.AuthorRepository/<FindOneOrThrowAsync>d__3::MoveNext()
DA:34,0
DA:35,0
DA:37,0
DA:39,0
DA:40,0
DA:41,0
DA:42,0
DA:44,0
DA:46,0
DA:47,0
DA:48,0
DA:49,0
BRDA:46,516,0,0
BRDA:46,516,1,0
LF:24
LH:0
BRF:4
BRH:0
FNF:3
FNH:0
end_of_record
SF:/home/riandeoliveira/coding/portfolio-api/src/Portfolio.Infrastructure/Repositories/UserRepository.cs
FN:13,System.Void Portfolio.Infrastructure.Repositories.UserRepository::.ctor(Portfolio.Infrastructure.Contexts.DatabaseContext)
FNDA:0,System.Void Portfolio.Infrastructure.Repositories.UserRepository::.ctor(Portfolio.Infrastructure.Contexts.DatabaseContext)
DA:14,0
FN:16,System.Void Portfolio.Infrastructure.Repositories.UserRepository/<FindOneOrThrowAsync>d__1::MoveNext()
FNDA:0,System.Void Portfolio.Infrastructure.Repositories.UserRepository/<FindOneOrThrowAsync>d__1::MoveNext()
DA:17,0
DA:18,0
DA:20,0
DA:21,0
DA:22,0
DA:23,0
BRDA:20,158,0,0
BRDA:20,158,1,0
FN:25,System.Void Portfolio.Infrastructure.Repositories.UserRepository/<FindOneOrThrowAsync>d__2::MoveNext()
FNDA:0,System.Void Portfolio.Infrastructure.Repositories.UserRepository/<FindOneOrThrowAsync>d__2::MoveNext()
DA:26,0
DA:27,0
DA:29,0
DA:30,0
DA:31,0
DA:32,0
BRDA:29,158,0,0
BRDA:29,158,1,0
LF:13
LH:0
BRF:4
BRH:0
FNF:3
FNH:0
end_of_record
SF:/home/riandeoliveira/coding/portfolio-api/src/Portfolio.Infrastructure/Repositories/Base/BaseRepository.cs
FN:6,System.Void Portfolio.Infrastructure.Repositories.Base.BaseRepository`1::.ctor(Portfolio.Infrastructure.Contexts.DatabaseContext)
FNDA:0,System.Void Portfolio.Infrastructure.Repositories.Base.BaseRepository`1::.ctor(Portfolio.Infrastructure.Contexts.DatabaseContext)
DA:7,0
DA:8,0
DA:9,0
LF:3
LH:0
BRF:0
BRH:0
FNF:1
FNH:0
end_of_record
SF:/home/riandeoliveira/coding/portfolio-api/src/Portfolio.Infrastructure/Repositories/Base/RemoveHardRepository.cs
FN:6,Microsoft.EntityFrameworkCore.ChangeTracking.EntityEntry`1<TEntity> Portfolio.Infrastructure.Repositories.Base.BaseRepository`1/<>c__DisplayClass11_0::<RemoveHardAsync>b__0()
FNDA:0,Microsoft.EntityFrameworkCore.ChangeTracking.EntityEntry`1<TEntity> Portfolio.Infrastructure.Repositories.Base.BaseRepository`1/<>c__DisplayClass11_0::<RemoveHardAsync>b__0()
DA:7,0
FN:5,System.Void Portfolio.Infrastructure.Repositories.Base.BaseRepository`1/<RemoveHardAsync>d__11::MoveNext()
FNDA:0,System.Void Portfolio.Infrastructure.Repositories.Base.BaseRepository`1/<RemoveHardAsync>d__11::MoveNext()
DA:6,0
DA:8,0
LF:3
LH:0
BRF:0
BRH:0
FNF:2
FNH:0
end_of_record
SF:/home/riandeoliveira/coding/portfolio-api/src/Portfolio.Infrastructure/Repositories/Base/RemoveSoftRepository.cs
FN:7,System.Void Portfolio.Infrastructure.Repositories.Base.BaseRepository`1/<>c__DisplayClass12_0::<RemoveSoftAsync>b__0()
FNDA:0,System.Void Portfolio.Infrastructure.Repositories.Base.BaseRepository`1/<>c__DisplayClass12_0::<RemoveSoftAsync>b__0()
DA:8,0
DA:9,0
DA:11,0
DA:12,0
FN:5,System.Void Portfolio.Infrastructure.Repositories.Base.BaseRepository`1/<RemoveSoftAsync>d__12::MoveNext()
FNDA:0,System.Void Portfolio.Infrastructure.Repositories.Base.BaseRepository`1/<RemoveSoftAsync>d__12::MoveNext()
DA:6,0
DA:7,0
DA:10,0
DA:13,0
LF:8
LH:0
BRF:0
BRH:0
FNF:2
FNH:0
end_of_record
SF:/home/riandeoliveira/coding/portfolio-api/src/Portfolio.Infrastructure/Repositories/Base/UpdateRepository.cs
FN:8,Microsoft.EntityFrameworkCore.ChangeTracking.EntityEntry`1<TEntity> Portfolio.Infrastructure.Repositories.Base.BaseRepository`1/<>c__DisplayClass13_0::<UpdateAsync>b__0()
FNDA:0,Microsoft.EntityFrameworkCore.ChangeTracking.EntityEntry`1<TEntity> Portfolio.Infrastructure.Repositories.Base.BaseRepository`1/<>c__DisplayClass13_0::<UpdateAsync>b__0()
DA:9,0
FN:5,System.Void Portfolio.Infrastructure.Repositories.Base.BaseRepository`1/<UpdateAsync>d__13::MoveNext()
FNDA:0,System.Void Portfolio.Infrastructure.Repositories.Base.BaseRepository`1/<UpdateAsync>d__13::MoveNext()
DA:6,0
DA:7,0
DA:10,0
LF:4
LH:0
BRF:0
BRH:0
FNF:2
FNH:0
end_of_record
SF:/home/riandeoliveira/coding/portfolio-api/src/Portfolio.Infrastructure/Repositories/Base/CreateRepository.cs
FN:5,System.Void Portfolio.Infrastructure.Repositories.Base.BaseRepository`1/<CreateAsync>d__2::MoveNext()
FNDA:0,System.Void Portfolio.Infrastructure.Repositories.Base.BaseRepository`1/<CreateAsync>d__2::MoveNext()
DA:6,0
DA:7,0
DA:9,0
DA:10,0
LF:4
LH:0
BRF:0
BRH:0
FNF:1
FNH:0
end_of_record
SF:/home/riandeoliveira/coding/portfolio-api/src/Portfolio.Infrastructure/Repositories/Base/ExistRespository.cs
FN:9,System.Void Portfolio.Infrastructure.Repositories.Base.BaseRepository`1/<ExistAsync>d__3::MoveNext()
FNDA:0,System.Void Portfolio.Infrastructure.Repositories.Base.BaseRepository`1/<ExistAsync>d__3::MoveNext()
DA:10,0
DA:11,0
DA:12,0
DA:13,0
DA:14,0
DA:15,0
DA:16,0
DA:18,0
DA:19,0
FN:21,System.Void Portfolio.Infrastructure.Repositories.Base.BaseRepository`1/<ExistAsync>d__4::MoveNext()
FNDA:0,System.Void Portfolio.Infrastructure.Repositories.Base.BaseRepository`1/<ExistAsync>d__4::MoveNext()
DA:22,0
DA:23,0
DA:24,0
DA:25,0
DA:26,0
DA:28,0
DA:29,0
LF:16
LH:0
BRF:0
BRH:0
FNF:2
FNH:0
end_of_record
SF:/home/riandeoliveira/coding/portfolio-api/src/Portfolio.Infrastructure/Repositories/Base/FindManyRepository.cs
FN:9,System.Void Portfolio.Infrastructure.Repositories.Base.BaseRepository`1/<FindManyAsync>d__5::MoveNext()
FNDA:0,System.Void Portfolio.Infrastructure.Repositories.Base.BaseRepository`1/<FindManyAsync>d__5::MoveNext()
DA:10,0
DA:11,0
DA:12,0
DA:13,0
DA:14,0
DA:16,0
DA:17,0
FN:19,System.Void Portfolio.Infrastructure.Repositories.Base.BaseRepository`1/<FindManyAsync>d__6::MoveNext()
FNDA:0,System.Void Portfolio.Infrastructure.Repositories.Base.BaseRepository`1/<FindManyAsync>d__6::MoveNext()
DA:20,0
DA:21,0
DA:22,0
DA:23,0
DA:24,0
DA:25,0
DA:27,0
DA:28,0
LF:15
LH:0
BRF:0
BRH:0
FNF:2
FNH:0
end_of_record
SF:/home/riandeoliveira/coding/portfolio-api/src/Portfolio.Infrastructure/Repositories/Base/FindOneRepository.cs
FN:9,System.Void Portfolio.Infrastructure.Repositories.Base.BaseRepository`1/<FindOneAsync>d__7::MoveNext()
FNDA:0,System.Void Portfolio.Infrastructure.Repositories.Base.BaseRepository`1/<FindOneAsync>d__7::MoveNext()
DA:10,0
DA:11,0
DA:12,0
DA:13,0
DA:14,0
DA:15,0
DA:16,0
DA:18,0
DA:19,0
FN:21,System.Void Portfolio.Infrastructure.Repositories.Base.BaseRepository`1/<FindOneAsync>d__8::MoveNext()
FNDA:0,System.Void Portfolio.Infrastructure.Repositories.Base.BaseRepository`1/<FindOneAsync>d__8::MoveNext()
DA:22,0
DA:23,0
DA:24,0
DA:25,0
DA:26,0
DA:28,0
DA:29,0
LF:16
LH:0
BRF:0
BRH:0
FNF:2
FNH:0
end_of_record
SF:/home/riandeoliveira/coding/portfolio-api/src/Portfolio.Infrastructure/Repositories/Base/PaginateRepository.cs
FN:29,System.Void Portfolio.Infrastructure.Repositories.Base.BaseRepository`1/<PaginateAsync>d__10::MoveNext()
FNDA:0,System.Void Portfolio.Infrastructure.Repositories.Base.BaseRepository`1/<PaginateAsync>d__10::MoveNext()
DA:30,0
DA:31,0
DA:32,0
DA:33,0
DA:35,0
DA:36,0
DA:37,0
DA:38,0
DA:39,0
DA:40,0
DA:41,0
FN:17,System.Void Portfolio.Infrastructure.Repositories.Base.BaseRepository`1/<PaginateAsync>d__9::MoveNext()
FNDA:0,System.Void Portfolio.Infrastructure.Repositories.Base.BaseRepository`1/<PaginateAsync>d__9::MoveNext()
DA:18,0
DA:19,0
DA:21,0
DA:22,0
LF:15
LH:0
BRF:0
BRH:0
FNF:2
FNH:0
end_of_record
SF:/home/riandeoliveira/coding/portfolio-api/src/Portfolio.Infrastructure/Migrations/20240307193844_CreateUsersTable.cs
FN:11,System.Void Portfolio.Infrastructure.Migrations.CreateUsersTable::Up(Microsoft.EntityFrameworkCore.Migrations.MigrationBuilder)
FNDA:0,System.Void Portfolio.Infrastructure.Migrations.CreateUsersTable::Up(Microsoft.EntityFrameworkCore.Migrations.MigrationBuilder)
DA:12,0
DA:13,0
DA:14,0
DA:15,0
DA:16,0
DA:17,0
DA:18,0
DA:19,0
DA:20,0
DA:21,0
DA:22,0
DA:23,0
DA:24,0
DA:25,0
FN:28,System.Void Portfolio.Infrastructure.Migrations.CreateUsersTable::Down(Microsoft.EntityFrameworkCore.Migrations.MigrationBuilder)
FNDA:0,System.Void Portfolio.Infrastructure.Migrations.CreateUsersTable::Down(Microsoft.EntityFrameworkCore.Migrations.MigrationBuilder)
DA:29,0
DA:30,0
DA:31,0
DA:32,0
LF:18
LH:0
BRF:0
BRH:0
FNF:2
FNH:0
end_of_record
SF:/home/riandeoliveira/coding/portfolio-api/src/Portfolio.Infrastructure/Migrations/20240307193844_CreateUsersTable.Designer.cs
FN:17,System.Void Portfolio.Infrastructure.Migrations.CreateUsersTable::BuildTargetModel(Microsoft.EntityFrameworkCore.ModelBuilder)
FNDA:0,System.Void Portfolio.Infrastructure.Migrations.CreateUsersTable::BuildTargetModel(Microsoft.EntityFrameworkCore.ModelBuilder)
DA:18,0
DA:20,0
DA:21,0
DA:22,0
DA:24,0
DA:26,0
DA:27,0
DA:28,0
DA:29,0
DA:30,0
DA:31,0
DA:32,0
DA:33,0
DA:34,0
DA:35,0
DA:36,0
DA:37,0
DA:38,0
DA:39,0
DA:40,0
DA:41,0
DA:42,0
DA:43,0
DA:44,0
DA:45,0
DA:46,0
DA:47,0
DA:48,0
DA:49,0
DA:50,0
DA:51,0
DA:52,0
DA:53,0
DA:54,0
DA:55,0
DA:56,0
DA:57,0
DA:58,0
DA:59,0
DA:60,0
DA:62,0
LF:41
LH:0
BRF:0
BRH:0
FNF:1
FNH:0
end_of_record
SF:/home/riandeoliveira/coding/portfolio-api/src/Portfolio.Infrastructure/Migrations/20240308133531_CreateAuthorsTable.cs
FN:11,System.Void Portfolio.Infrastructure.Migrations.CreateAuthorsTable::Up(Microsoft.EntityFrameworkCore.Migrations.MigrationBuilder)
FNDA:0,System.Void Portfolio.Infrastructure.Migrations.CreateAuthorsTable::Up(Microsoft.EntityFrameworkCore.Migrations.MigrationBuilder)
DA:12,0
DA:13,0
DA:14,0
DA:15,0
DA:16,0
DA:17,0
DA:18,0
DA:19,0
DA:20,0
DA:21,0
DA:22,0
DA:23,0
DA:24,0
DA:25,0
DA:26,0
DA:27,0
DA:28,0
DA:29,0
DA:30,0
DA:31,0
DA:32,0
DA:33,0
DA:34,0
DA:35,0
DA:36,0
DA:37,0
DA:38,0
DA:40,0
DA:41,0
DA:42,0
DA:43,0
DA:44,0
FN:47,System.Void Portfolio.Infrastructure.Migrations.CreateAuthorsTable::Down(Microsoft.EntityFrameworkCore.Migrations.MigrationBuilder)
FNDA:0,System.Void Portfolio.Infrastructure.Migrations.CreateAuthorsTable::Down(Microsoft.EntityFrameworkCore.Migrations.MigrationBuilder)
DA:48,0
DA:49,0
DA:50,0
DA:51,0
LF:36
LH:0
BRF:0
BRH:0
FNF:2
FNH:0
end_of_record
SF:/home/riandeoliveira/coding/portfolio-api/src/Portfolio.Infrastructure/Migrations/20240308133531_CreateAuthorsTable.Designer.cs
FN:17,System.Void Portfolio.Infrastructure.Migrations.CreateAuthorsTable::BuildTargetModel(Microsoft.EntityFrameworkCore.ModelBuilder)
FNDA:0,System.Void Portfolio.Infrastructure.Migrations.CreateAuthorsTable::BuildTargetModel(Microsoft.EntityFrameworkCore.ModelBuilder)
DA:18,0
DA:20,0
DA:21,0
DA:22,0
DA:24,0
DA:26,0
DA:27,0
DA:28,0
DA:29,0
DA:30,0
DA:31,0
DA:32,0
DA:33,0
DA:34,0
DA:35,0
DA:36,0
DA:37,0
DA:38,0
DA:39,0
DA:40,0
DA:41,0
DA:42,0
DA:43,0
DA:44,0
DA:45,0
DA:46,0
DA:47,0
DA:48,0
DA:49,0
DA:50,0
DA:51,0
DA:52,0
DA:53,0
DA:54,0
DA:55,0
DA:56,0
DA:57,0
DA:58,0
DA:59,0
DA:60,0
DA:61,0
DA:62,0
DA:63,0
DA:64,0
DA:65,0
DA:66,0
DA:67,0
DA:68,0
DA:69,0
DA:70,0
DA:71,0
DA:72,0
DA:73,0
DA:74,0
DA:75,0
DA:76,0
DA:77,0
DA:78,0
DA:79,0
DA:80,0
DA:81,0
DA:82,0
DA:83,0
DA:84,0
DA:85,0
DA:86,0
DA:87,0
DA:88,0
DA:89,0
DA:91,0
DA:92,0
DA:93,0
DA:94,0
DA:95,0
DA:96,0
DA:97,0
DA:98,0
DA:99,0
DA:100,0
DA:101,0
DA:102,0
DA:103,0
DA:104,0
DA:105,0
DA:106,0
DA:107,0
DA:108,0
DA:109,0
DA:110,0
DA:111,0
DA:112,0
DA:113,0
DA:114,0
DA:115,0
DA:116,0
DA:117,0
DA:118,0
DA:119,0
DA:120,0
DA:121,0
DA:122,0
DA:123,0
DA:124,0
DA:125,0
DA:127,0
DA:128,0
DA:129,0
DA:130,0
DA:131,0
DA:132,0
DA:133,0
DA:134,0
DA:135,0
DA:136,0
DA:138,0
LF:115
LH:0
BRF:0
BRH:0
FNF:1
FNH:0
end_of_record
SF:/home/riandeoliveira/coding/portfolio-api/src/Portfolio.Infrastructure/Migrations/DatabaseContextModelSnapshot.cs
FN:14,System.Void Portfolio.Infrastructure.Migrations.DatabaseContextModelSnapshot::BuildModel(Microsoft.EntityFrameworkCore.ModelBuilder)
FNDA:0,System.Void Portfolio.Infrastructure.Migrations.DatabaseContextModelSnapshot::BuildModel(Microsoft.EntityFrameworkCore.ModelBuilder)
DA:15,0
DA:17,0
DA:18,0
DA:19,0
DA:21,0
DA:23,0
DA:24,0
DA:25,0
DA:26,0
DA:27,0
DA:28,0
DA:29,0
DA:30,0
DA:31,0
DA:32,0
DA:33,0
DA:34,0
DA:35,0
DA:36,0
DA:37,0
DA:38,0
DA:39,0
DA:40,0
DA:41,0
DA:42,0
DA:43,0
DA:44,0
DA:45,0
DA:46,0
DA:47,0
DA:48,0
DA:49,0
DA:50,0
DA:51,0
DA:52,0
DA:53,0
DA:54,0
DA:55,0
DA:56,0
DA:57,0
DA:58,0
DA:59,0
DA:60,0
DA:61,0
DA:62,0
DA:63,0
DA:64,0
DA:65,0
DA:66,0
DA:67,0
DA:68,0
DA:69,0
DA:70,0
DA:71,0
DA:72,0
DA:73,0
DA:74,0
DA:75,0
DA:76,0
DA:77,0
DA:78,0
DA:79,0
DA:80,0
DA:81,0
DA:82,0
DA:83,0
DA:84,0
DA:85,0
DA:86,0
DA:88,0
DA:89,0
DA:90,0
DA:91,0
DA:92,0
DA:93,0
DA:94,0
DA:95,0
DA:96,0
DA:97,0
DA:98,0
DA:99,0
DA:100,0
DA:101,0
DA:102,0
DA:103,0
DA:104,0
DA:105,0
DA:106,0
DA:107,0
DA:108,0
DA:109,0
DA:110,0
DA:111,0
DA:112,0
DA:113,0
DA:114,0
DA:115,0
DA:116,0
DA:117,0
DA:118,0
DA:119,0
DA:120,0
DA:121,0
DA:122,0
DA:124,0
DA:125,0
DA:126,0
DA:127,0
DA:128,0
DA:129,0
DA:130,0
DA:131,0
DA:132,0
DA:133,0
DA:135,0
LF:115
LH:0
BRF:0
BRH:0
FNF:1
FNH:0
end_of_record
SF:/home/riandeoliveira/coding/portfolio-api/src/Portfolio.Infrastructure/Extensions/EntityMappingExtension.cs
FN:10,System.Void Portfolio.Infrastructure.Extensions.EntityMappingExtension::ConfigureAuditProperties(Microsoft.EntityFrameworkCore.Metadata.Builders.EntityTypeBuilder`1<TEntity>,System.String)
FNDA:0,System.Void Portfolio.Infrastructure.Extensions.EntityMappingExtension::ConfigureAuditProperties(Microsoft.EntityFrameworkCore.Metadata.Builders.EntityTypeBuilder`1<TEntity>,System.String)
DA:11,0
DA:12,0
DA:13,0
DA:14,0
DA:16,0
DA:17,0
DA:18,0
DA:19,0
DA:21,0
DA:22,0
DA:23,0
DA:25,0
DA:26,0
DA:27,0
DA:28,0
LF:15
LH:0
BRF:0
BRH:0
FNF:1
FNH:0
end_of_record
SF:/home/riandeoliveira/coding/portfolio-api/src/Portfolio.Infrastructure/Extensions/FakerExtension.cs
FN:11,System.String Portfolio.Infrastructure.Extensions.FakerExtension::StrongPassword(Bogus.DataSets.Internet)
FNDA:0,System.String Portfolio.Infrastructure.Extensions.FakerExtension::StrongPassword(Bogus.DataSets.Internet)
DA:12,0
DA:13,0
DA:14,0
LF:3
LH:0
BRF:0
BRH:0
FNF:1
FNH:0
end_of_record
SF:/home/riandeoliveira/coding/portfolio-api/src/Portfolio.Infrastructure/Extensions/ValidatorExtension.cs
FN:13,FluentValidation.IRuleBuilderOptions`2<T,TProperty> Portfolio.Infrastructure.Extensions.ValidatorExtension::EmailAddress(FluentValidation.IRuleBuilder`2<T,TProperty>)
FNDA:0,FluentValidation.IRuleBuilderOptions`2<T,TProperty> Portfolio.Infrastructure.Extensions.ValidatorExtension::EmailAddress(FluentValidation.IRuleBuilder`2<T,TProperty>)
DA:14,0
DA:15,0
DA:16,0
FN:21,FluentValidation.IRuleBuilderOptions`2<T,TProperty> Portfolio.Infrastructure.Extensions.ValidatorExtension::Message(FluentValidation.IRuleBuilderOptions`2<T,TProperty>,Portfolio.Domain.Enums.Message)
FNDA:0,FluentValidation.IRuleBuilderOptions`2<T,TProperty> Portfolio.Infrastructure.Extensions.ValidatorExtension::Message(FluentValidation.IRuleBuilderOptions`2<T,TProperty>,Portfolio.Domain.Enums.Message)
DA:22,0
DA:23,0
DA:24,0
FN:28,FluentValidation.IRuleBuilderOptions`2<T,TProperty> Portfolio.Infrastructure.Extensions.ValidatorExtension::StrongPassword(FluentValidation.IRuleBuilder`2<T,TProperty>)
FNDA:0,FluentValidation.IRuleBuilderOptions`2<T,TProperty> Portfolio.Infrastructure.Extensions.ValidatorExtension::StrongPassword(FluentValidation.IRuleBuilder`2<T,TProperty>)
DA:29,0
DA:30,0
DA:31,0
LF:9
LH:0
BRF:0
BRH:0
FNF:3
FNH:0
end_of_record
SF:/home/riandeoliveira/coding/portfolio-api/src/Portfolio.Infrastructure/Contexts/DatabaseContext.cs
FN:8,Microsoft.EntityFrameworkCore.DbSet`1<Portfolio.Domain.Entities.Author> Portfolio.Infrastructure.Contexts.DatabaseContext::get_Authors()
FNDA:2,Microsoft.EntityFrameworkCore.DbSet`1<Portfolio.Domain.Entities.Author> Portfolio.Infrastructure.Contexts.DatabaseContext::get_Authors()
DA:9,2
FN:9,Microsoft.EntityFrameworkCore.DbSet`1<Portfolio.Domain.Entities.User> Portfolio.Infrastructure.Contexts.DatabaseContext::get_Users()
FNDA:2,Microsoft.EntityFrameworkCore.DbSet`1<Portfolio.Domain.Entities.User> Portfolio.Infrastructure.Contexts.DatabaseContext::get_Users()
DA:10,2
FN:6,System.Void Portfolio.Infrastructure.Contexts.DatabaseContext::.ctor(Microsoft.EntityFrameworkCore.DbContextOptions`1<Portfolio.Infrastructure.Contexts.DatabaseContext>)
FNDA:1,System.Void Portfolio.Infrastructure.Contexts.DatabaseContext::.ctor(Microsoft.EntityFrameworkCore.DbContextOptions`1<Portfolio.Infrastructure.Contexts.DatabaseContext>)
DA:7,1
FN:11,System.Void Portfolio.Infrastructure.Contexts.DatabaseContext::.cctor()
FNDA:1,System.Void Portfolio.Infrastructure.Contexts.DatabaseContext::.cctor()
DA:12,1
LF:4
LH:4
BRF:0
BRH:0
FNF:4
FNH:4
end_of_record
SF:/home/riandeoliveira/coding/portfolio-api/src/Portfolio.Infrastructure/Behaviors/ConversionBehavior.cs
FN:20,System.Void Portfolio.Infrastructure.Behaviors.ConversionBehavior`2::TrimAllStringProperties(TRequest)
FNDA:0,System.Void Portfolio.Infrastructure.Behaviors.ConversionBehavior`2::TrimAllStringProperties(TRequest)
DA:21,0
DA:22,0
DA:23,0
DA:24,0
DA:25,0
DA:27,0
DA:28,0
DA:29,0
DA:31,0
DA:32,0
DA:33,0
BRDA:22,25,0,0
BRDA:22,25,1,0
BRDA:27,128,1,0
BRDA:31,100,0,0
BRDA:31,100,1,0
BRDA:27,128,0,0
FN:13,System.Void Portfolio.Infrastructure.Behaviors.ConversionBehavior`2/<Handle>d__0::MoveNext()
FNDA:0,System.Void Portfolio.Infrastructure.Behaviors.ConversionBehavior`2/<Handle>d__0::MoveNext()
DA:14,0
DA:15,0
DA:17,0
DA:18,0
LF:15
LH:0
BRF:6
BRH:0
FNF:2
FNH:0
end_of_record
SF:/home/riandeoliveira/coding/portfolio-api/src/Portfolio.Infrastructure/Behaviors/ValidationBehavior.cs
FN:7,System.Void Portfolio.Infrastructure.Behaviors.ValidationBehavior`2::.ctor(System.Collections.Generic.IEnumerable`1<FluentValidation.IValidator`1<TRequest>>)
FNDA:0,System.Void Portfolio.Infrastructure.Behaviors.ValidationBehavior`2::.ctor(System.Collections.Generic.IEnumerable`1<FluentValidation.IValidator`1<TRequest>>)
DA:8,0
DA:9,0
DA:10,0
FN:26,System.Collections.Generic.IEnumerable`1<FluentValidation.Results.ValidationFailure> Portfolio.Infrastructure.Behaviors.ValidationBehavior`2/<>c::<Handle>b__2_1(FluentValidation.Results.ValidationResult)
FNDA:0,System.Collections.Generic.IEnumerable`1<FluentValidation.Results.ValidationFailure> Portfolio.Infrastructure.Behaviors.ValidationBehavior`2/<>c::<Handle>b__2_1(FluentValidation.Results.ValidationResult)
DA:27,0
FN:27,System.String Portfolio.Infrastructure.Behaviors.ValidationBehavior`2/<>c::<Handle>b__2_2(FluentValidation.Results.ValidationFailure)
FNDA:0,System.String Portfolio.Infrastructure.Behaviors.ValidationBehavior`2/<>c::<Handle>b__2_2(FluentValidation.Results.ValidationFailure)
DA:28,0
FN:28,System.Boolean Portfolio.Infrastructure.Behaviors.ValidationBehavior`2/<>c::<Handle>b__2_3(System.String)
FNDA:0,System.Boolean Portfolio.Infrastructure.Behaviors.ValidationBehavior`2/<>c::<Handle>b__2_3(System.String)
DA:29,0
FN:20,System.Threading.Tasks.Task`1<FluentValidation.Results.ValidationResult> Portfolio.Infrastructure.Behaviors.ValidationBehavior`2/<>c__DisplayClass2_0::<Handle>b__0(FluentValidation.IValidator`1<TRequest>)
FNDA:0,System.Threading.Tasks.Task`1<FluentValidation.Results.ValidationResult> Portfolio.Infrastructure.Behaviors.ValidationBehavior`2/<>c__DisplayClass2_0::<Handle>b__0(FluentValidation.IValidator`1<TRequest>)
DA:21,0
FN:16,System.Void Portfolio.Infrastructure.Behaviors.ValidationBehavior`2/<Handle>d__2::MoveNext()
FNDA:0,System.Void Portfolio.Infrastructure.Behaviors.ValidationBehavior`2/<Handle>d__2::MoveNext()
DA:17,0
DA:18,0
DA:20,0
DA:22,0
DA:24,0
DA:26,0
DA:31,0
DA:32,0
BRDA:26,256,0,0
BRDA:26,256,1,0
BRDA:26,292,0,0
BRDA:26,292,1,0
BRDA:26,328,0,0
BRDA:26,328,1,0
BRDA:31,369,0,0
BRDA:31,369,1,0
LF:15
LH:0
BRF:8
BRH:0
FNF:6
FNH:0
end_of_record
SF:/home/riandeoliveira/coding/portfolio-api/src/Portfolio.Application/UseCases/UpdateUser/UpdateUserEndpoint.cs
FN:15,System.Void Portfolio.Application.UseCases.UpdateUser.UpdateUserEndpoint::.ctor(MediatR.IMediator)
FNDA:0,System.Void Portfolio.Application.UseCases.UpdateUser.UpdateUserEndpoint::.ctor(MediatR.IMediator)
DA:16,0
FN:35,System.Void Portfolio.Application.UseCases.UpdateUser.UpdateUserEndpoint/<Handle>d__2::MoveNext()
FNDA:0,System.Void Portfolio.Application.UseCases.UpdateUser.UpdateUserEndpoint/<Handle>d__2::MoveNext()
DA:36,0
DA:38,0
DA:39,0
DA:41,0
DA:43,0
DA:44,0
DA:45,0
DA:47,0
LF:9
LH:0
BRF:0
BRH:0
FNF:2
FNH:0
end_of_record
SF:/home/riandeoliveira/coding/portfolio-api/src/Portfolio.Application/UseCases/UpdateUser/UpdateUserHandler.cs
FN:6,System.Void Portfolio.Application.UseCases.UpdateUser.UpdateUserHandler::.ctor(Portfolio.Domain.Interfaces.IAuthService,Portfolio.Domain.Interfaces.IUnitOfWork,Portfolio.Domain.Interfaces.IUserRepository)
FNDA:0,System.Void Portfolio.Application.UseCases.UpdateUser.UpdateUserHandler::.ctor(Portfolio.Domain.Interfaces.IAuthService,Portfolio.Domain.Interfaces.IUnitOfWork,Portfolio.Domain.Interfaces.IUserRepository)
DA:7,0
DA:8,0
DA:9,0
DA:10,0
DA:11,0
FN:13,System.Void Portfolio.Application.UseCases.UpdateUser.UpdateUserHandler/<Handle>d__4::MoveNext()
FNDA:0,System.Void Portfolio.Application.UseCases.UpdateUser.UpdateUserHandler/<Handle>d__4::MoveNext()
DA:14,0
DA:15,0
DA:17,0
DA:19,0
DA:20,0
DA:22,0
DA:23,0
DA:25,0
DA:26,0
LF:14
LH:0
BRF:0
BRH:0
FNF:2
FNH:0
end_of_record
SF:/home/riandeoliveira/coding/portfolio-api/src/Portfolio.Application/UseCases/UpdateUser/UpdateUserRequest.cs
FN:4,System.String Portfolio.Application.UseCases.UpdateUser.UpdateUserRequest::get_Email()
FNDA:0,System.String Portfolio.Application.UseCases.UpdateUser.UpdateUserRequest::get_Email()
DA:5,0
LF:1
LH:0
BRF:0
BRH:0
FNF:1
FNH:0
end_of_record
SF:/home/riandeoliveira/coding/portfolio-api/src/Portfolio.Application/UseCases/UpdateUser/UpdateUserValidator.cs
FN:11,System.Void Portfolio.Application.UseCases.UpdateUser.UpdateUserValidator::.ctor(Portfolio.Domain.Interfaces.IAuthService,Portfolio.Domain.Interfaces.IUserRepository)
FNDA:0,System.Void Portfolio.Application.UseCases.UpdateUser.UpdateUserValidator::.ctor(Portfolio.Domain.Interfaces.IAuthService,Portfolio.Domain.Interfaces.IUserRepository)
DA:12,0
DA:13,0
DA:14,0
DA:15,0
DA:16,0
DA:17,0
DA:18,0
DA:19,0
DA:20,0
DA:21,0
DA:22,0
DA:23,0
DA:24,0
DA:25,0
DA:26,0
DA:27,0
DA:28,0
DA:29,0
DA:30,0
DA:31,0
DA:32,0
DA:33,0
DA:34,0
DA:35,0
DA:36,0
DA:37,0
DA:38,0
DA:39,0
DA:40,0
DA:41,0
DA:42,0
DA:44,0
DA:45,0
DA:46,0
DA:47,0
DA:48,0
DA:49,0
DA:50,0
DA:51,0
DA:52,0
DA:53,0
DA:54,0
DA:55,0
DA:56,0
LF:44
LH:0
BRF:0
BRH:0
FNF:1
FNH:0
end_of_record
SF:/home/riandeoliveira/coding/portfolio-api/src/Portfolio.Application/UseCases/UpdateAuthor/UpdateAuthorEndpoint.cs
FN:14,System.Void Portfolio.Application.UseCases.UpdateAuthor.UpdateAuthorEndpoint::.ctor(MediatR.IMediator)
FNDA:0,System.Void Portfolio.Application.UseCases.UpdateAuthor.UpdateAuthorEndpoint::.ctor(MediatR.IMediator)
DA:15,0
FN:33,System.Void Portfolio.Application.UseCases.UpdateAuthor.UpdateAuthorEndpoint/<Handle>d__2::MoveNext()
FNDA:0,System.Void Portfolio.Application.UseCases.UpdateAuthor.UpdateAuthorEndpoint/<Handle>d__2::MoveNext()
DA:34,0
DA:36,0
DA:37,0
DA:39,0
DA:41,0
DA:42,0
DA:43,0
DA:45,0
LF:9
LH:0
BRF:0
BRH:0
FNF:2
FNH:0
end_of_record
SF:/home/riandeoliveira/coding/portfolio-api/src/Portfolio.Application/UseCases/UpdateAuthor/UpdateAuthorHandler.cs
FN:5,System.Void Portfolio.Application.UseCases.UpdateAuthor.UpdateAuthorHandler::.ctor(Portfolio.Domain.Interfaces.IAuthorRepository,Portfolio.Domain.Interfaces.IUnitOfWork)
FNDA:0,System.Void Portfolio.Application.UseCases.UpdateAuthor.UpdateAuthorHandler::.ctor(Portfolio.Domain.Interfaces.IAuthorRepository,Portfolio.Domain.Interfaces.IUnitOfWork)
DA:6,0
DA:7,0
DA:8,0
DA:9,0
FN:11,System.Void Portfolio.Application.UseCases.UpdateAuthor.UpdateAuthorHandler/<Handle>d__3::MoveNext()
FNDA:0,System.Void Portfolio.Application.UseCases.UpdateAuthor.UpdateAuthorHandler/<Handle>d__3::MoveNext()
DA:12,0
DA:13,0
DA:15,0
DA:16,0
DA:17,0
DA:18,0
DA:19,0
DA:20,0
DA:22,0
DA:23,0
DA:25,0
DA:26,0
LF:16
LH:0
BRF:0
BRH:0
FNF:2
FNH:0
end_of_record
SF:/home/riandeoliveira/coding/portfolio-api/src/Portfolio.Application/UseCases/UpdateAuthor/UpdateAuthorRequest.cs
FN:5,System.Guid Portfolio.Application.UseCases.UpdateAuthor.UpdateAuthorRequest::get_Id()
FNDA:0,System.Guid Portfolio.Application.UseCases.UpdateAuthor.UpdateAuthorRequest::get_Id()
DA:6,0
FN:6,System.String Portfolio.Application.UseCases.UpdateAuthor.UpdateAuthorRequest::get_Name()
FNDA:0,System.String Portfolio.Application.UseCases.UpdateAuthor.UpdateAuthorRequest::get_Name()
DA:7,0
FN:7,System.String Portfolio.Application.UseCases.UpdateAuthor.UpdateAuthorRequest::get_FullName()
FNDA:0,System.String Portfolio.Application.UseCases.UpdateAuthor.UpdateAuthorRequest::get_FullName()
DA:8,0
FN:8,System.String Portfolio.Application.UseCases.UpdateAuthor.UpdateAuthorRequest::get_Position()
FNDA:0,System.String Portfolio.Application.UseCases.UpdateAuthor.UpdateAuthorRequest::get_Position()
DA:9,0
FN:9,System.String Portfolio.Application.UseCases.UpdateAuthor.UpdateAuthorRequest::get_Description()
FNDA:0,System.String Portfolio.Application.UseCases.UpdateAuthor.UpdateAuthorRequest::get_Description()
DA:10,0
FN:10,System.String Portfolio.Application.UseCases.UpdateAuthor.UpdateAuthorRequest::get_AvatarUrl()
FNDA:0,System.String Portfolio.Application.UseCases.UpdateAuthor.UpdateAuthorRequest::get_AvatarUrl()
DA:11,0
FN:11,System.String Portfolio.Application.UseCases.UpdateAuthor.UpdateAuthorRequest::get_SpotifyAccountName()
FNDA:0,System.String Portfolio.Application.UseCases.UpdateAuthor.UpdateAuthorRequest::get_SpotifyAccountName()
DA:12,0
FN:4,System.Void Portfolio.Application.UseCases.UpdateAuthor.UpdateAuthorRequest::.ctor(System.Guid,System.String,System.String,System.String,System.String,System.String,System.String)
FNDA:0,System.Void Portfolio.Application.UseCases.UpdateAuthor.UpdateAuthorRequest::.ctor(System.Guid,System.String,System.String,System.String,System.String,System.String,System.String)
DA:5,0
DA:13,0
LF:9
LH:0
BRF:0
BRH:0
FNF:8
FNH:0
end_of_record
SF:/home/riandeoliveira/coding/portfolio-api/src/Portfolio.Application/UseCases/UpdateAuthor/UpdateAuthorValidator.cs
FN:10,System.Void Portfolio.Application.UseCases.UpdateAuthor.UpdateAuthorValidator::.ctor()
FNDA:0,System.Void Portfolio.Application.UseCases.UpdateAuthor.UpdateAuthorValidator::.ctor()
DA:11,0
DA:12,0
DA:13,0
DA:14,0
DA:15,0
DA:16,0
DA:17,0
DA:18,0
DA:20,0
DA:21,0
DA:22,0
DA:23,0
DA:24,0
DA:25,0
DA:27,0
DA:28,0
DA:29,0
DA:30,0
DA:31,0
DA:32,0
DA:34,0
DA:35,0
DA:36,0
DA:37,0
DA:38,0
DA:39,0
DA:41,0
DA:42,0
DA:43,0
DA:44,0
DA:45,0
DA:46,0
DA:48,0
DA:49,0
DA:50,0
DA:51,0
LF:36
LH:0
BRF:0
BRH:0
FNF:1
FNH:0
end_of_record
SF:/home/riandeoliveira/coding/portfolio-api/src/Portfolio.Application/UseCases/SignUpUser/SignUpUserEndpoint.cs
FN:15,System.Void Portfolio.Application.UseCases.SignUpUser.SignUpUserEndpoint::.ctor(MediatR.IMediator)
FNDA:0,System.Void Portfolio.Application.UseCases.SignUpUser.SignUpUserEndpoint::.ctor(MediatR.IMediator)
DA:16,0
FN:33,System.Void Portfolio.Application.UseCases.SignUpUser.SignUpUserEndpoint/<Handle>d__2::MoveNext()
FNDA:0,System.Void Portfolio.Application.UseCases.SignUpUser.SignUpUserEndpoint/<Handle>d__2::MoveNext()
DA:34,0
DA:36,0
DA:37,0
DA:39,0
DA:41,0
DA:42,0
DA:43,0
DA:45,0
LF:9
LH:0
BRF:0
BRH:0
FNF:2
FNH:0
end_of_record
SF:/home/riandeoliveira/coding/portfolio-api/src/Portfolio.Application/UseCases/SignUpUser/SignUpUserHandler.cs
FN:9,System.Void Portfolio.Application.UseCases.SignUpUser.SignUpUserHandler::.ctor(Portfolio.Domain.Interfaces.IAuthService,Portfolio.Domain.Interfaces.IUnitOfWork,Portfolio.Domain.Interfaces.IUserRepository)
FNDA:0,System.Void Portfolio.Application.UseCases.SignUpUser.SignUpUserHandler::.ctor(Portfolio.Domain.Interfaces.IAuthService,Portfolio.Domain.Interfaces.IUnitOfWork,Portfolio.Domain.Interfaces.IUserRepository)
DA:10,0
DA:11,0
DA:12,0
DA:13,0
DA:14,0
FN:16,System.Void Portfolio.Application.UseCases.SignUpUser.SignUpUserHandler/<Handle>d__4::MoveNext()
FNDA:0,System.Void Portfolio.Application.UseCases.SignUpUser.SignUpUserHandler/<Handle>d__4::MoveNext()
DA:17,0
DA:18,0
DA:20,0
DA:21,0
DA:22,0
DA:23,0
DA:24,0
DA:26,0
DA:28,0
DA:30,0
DA:31,0
DA:32,0
DA:33,0
DA:35,0
DA:36,0
LF:20
LH:0
BRF:0
BRH:0
FNF:2
FNH:0
end_of_record
SF:/home/riandeoliveira/coding/portfolio-api/src/Portfolio.Application/UseCases/SignUpUser/SignUpUserRequest.cs
FN:4,System.String Portfolio.Application.UseCases.SignUpUser.SignUpUserRequest::get_Email()
FNDA:0,System.String Portfolio.Application.UseCases.SignUpUser.SignUpUserRequest::get_Email()
DA:5,0
LF:1
LH:0
BRF:0
BRH:0
FNF:1
FNH:0
end_of_record
SF:/home/riandeoliveira/coding/portfolio-api/src/Portfolio.Application/UseCases/SignUpUser/SignUpUserResponse.cs
FN:4,Portfolio.Domain.Dtos.TokenDto Portfolio.Application.UseCases.SignUpUser.SignUpUserResponse::get_TokenDto()
FNDA:0,Portfolio.Domain.Dtos.TokenDto Portfolio.Application.UseCases.SignUpUser.SignUpUserResponse::get_TokenDto()
DA:5,0
LF:1
LH:0
BRF:0
BRH:0
FNF:1
FNH:0
end_of_record
SF:/home/riandeoliveira/coding/portfolio-api/src/Portfolio.Application/UseCases/SignUpUser/SignUpUserValidator.cs
FN:10,System.Void Portfolio.Application.UseCases.SignUpUser.SignUpUserValidator::.ctor(Portfolio.Domain.Interfaces.IUserRepository)
FNDA:0,System.Void Portfolio.Application.UseCases.SignUpUser.SignUpUserValidator::.ctor(Portfolio.Domain.Interfaces.IUserRepository)
DA:11,0
DA:12,0
DA:13,0
DA:14,0
DA:15,0
DA:16,0
DA:17,0
DA:18,0
DA:19,0
DA:20,0
DA:21,0
DA:22,0
DA:23,0
DA:24,0
DA:25,0
DA:26,0
DA:27,0
DA:28,0
DA:29,0
DA:31,0
DA:32,0
DA:33,0
DA:34,0
DA:35,0
DA:36,0
DA:37,0
DA:38,0
DA:39,0
DA:40,0
DA:41,0
DA:42,0
DA:43,0
LF:32
LH:0
BRF:0
BRH:0
FNF:1
FNH:0
end_of_record
SF:/home/riandeoliveira/coding/portfolio-api/src/Portfolio.Application/UseCases/SignInUser/SignInUserEndpoint.cs
FN:15,System.Void Portfolio.Application.UseCases.SignInUser.SignInUserEndpoint::.ctor(MediatR.IMediator)
FNDA:0,System.Void Portfolio.Application.UseCases.SignInUser.SignInUserEndpoint::.ctor(MediatR.IMediator)
DA:16,0
FN:33,System.Void Portfolio.Application.UseCases.SignInUser.SignInUserEndpoint/<Handle>d__2::MoveNext()
FNDA:0,System.Void Portfolio.Application.UseCases.SignInUser.SignInUserEndpoint/<Handle>d__2::MoveNext()
DA:34,0
DA:36,0
DA:37,0
DA:39,0
DA:41,0
DA:42,0
DA:43,0
DA:45,0
LF:9
LH:0
BRF:0
BRH:0
FNF:2
FNH:0
end_of_record
SF:/home/riandeoliveira/coding/portfolio-api/src/Portfolio.Application/UseCases/SignInUser/SignInUserHandler.cs
FN:11,System.Void Portfolio.Application.UseCases.SignInUser.SignInUserHandler::.ctor(Portfolio.Domain.Interfaces.IAuthService,Portfolio.Domain.Interfaces.IUserRepository)
FNDA:0,System.Void Portfolio.Application.UseCases.SignInUser.SignInUserHandler::.ctor(Portfolio.Domain.Interfaces.IAuthService,Portfolio.Domain.Interfaces.IUserRepository)
DA:12,0
DA:13,0
DA:14,0
DA:15,0
FN:17,System.Void Portfolio.Application.UseCases.SignInUser.SignInUserHandler/<Handle>d__3::MoveNext()
FNDA:0,System.Void Portfolio.Application.UseCases.SignInUser.SignInUserHandler/<Handle>d__3::MoveNext()
DA:18,0
DA:19,0
DA:21,0
DA:23,0
DA:25,0
DA:27,0
DA:28,0
BRDA:23,363,0,0
BRDA:23,363,1,0
LF:11
LH:0
BRF:2
BRH:0
FNF:2
FNH:0
end_of_record
SF:/home/riandeoliveira/coding/portfolio-api/src/Portfolio.Application/UseCases/SignInUser/SignInUserRequest.cs
FN:4,System.String Portfolio.Application.UseCases.SignInUser.SignInUserRequest::get_Email()
FNDA:0,System.String Portfolio.Application.UseCases.SignInUser.SignInUserRequest::get_Email()
DA:5,0
LF:1
LH:0
BRF:0
BRH:0
FNF:1
FNH:0
end_of_record
SF:/home/riandeoliveira/coding/portfolio-api/src/Portfolio.Application/UseCases/SignInUser/SignInUserResponse.cs
FN:4,Portfolio.Domain.Dtos.TokenDto Portfolio.Application.UseCases.SignInUser.SignInUserResponse::get_TokenDto()
FNDA:0,Portfolio.Domain.Dtos.TokenDto Portfolio.Application.UseCases.SignInUser.SignInUserResponse::get_TokenDto()
DA:5,0
LF:1
LH:0
BRF:0
BRH:0
FNF:1
FNH:0
end_of_record
SF:/home/riandeoliveira/coding/portfolio-api/src/Portfolio.Application/UseCases/SignInUser/SignInUserValidator.cs
FN:10,System.Void Portfolio.Application.UseCases.SignInUser.SignInUserValidator::.ctor(Portfolio.Domain.Interfaces.IUserRepository)
FNDA:0,System.Void Portfolio.Application.UseCases.SignInUser.SignInUserValidator::.ctor(Portfolio.Domain.Interfaces.IUserRepository)
DA:11,0
DA:12,0
DA:13,0
DA:14,0
DA:15,0
DA:16,0
DA:17,0
DA:18,0
DA:19,0
DA:20,0
DA:21,0
DA:22,0
DA:23,0
DA:24,0
DA:25,0
DA:26,0
DA:27,0
DA:28,0
DA:29,0
DA:31,0
DA:32,0
DA:33,0
DA:34,0
DA:35,0
DA:36,0
DA:37,0
DA:38,0
DA:39,0
DA:40,0
DA:41,0
DA:42,0
DA:43,0
LF:32
LH:0
BRF:0
BRH:0
FNF:1
FNH:0
end_of_record
SF:/home/riandeoliveira/coding/portfolio-api/src/Portfolio.Application/UseCases/ResetUserPassword/ResetUserPasswordEndpoint.cs
FN:15,System.Void Portfolio.Application.UseCases.ResetUserPassword.ResetUserEndpoint::.ctor(MediatR.IMediator)
FNDA:0,System.Void Portfolio.Application.UseCases.ResetUserPassword.ResetUserEndpoint::.ctor(MediatR.IMediator)
DA:16,0
FN:35,System.Void Portfolio.Application.UseCases.ResetUserPassword.ResetUserEndpoint/<Handle>d__2::MoveNext()
FNDA:0,System.Void Portfolio.Application.UseCases.ResetUserPassword.ResetUserEndpoint/<Handle>d__2::MoveNext()
DA:36,0
DA:38,0
DA:39,0
DA:41,0
DA:43,0
DA:44,0
DA:45,0
DA:47,0
LF:9
LH:0
BRF:0
BRH:0
FNF:2
FNH:0
end_of_record
SF:/home/riandeoliveira/coding/portfolio-api/src/Portfolio.Application/UseCases/ResetUserPassword/ResetUserPasswordHandler.cs
FN:7,System.Void Portfolio.Application.UseCases.ResetUserPassword.ResetUserPasswordHandler::.ctor(Portfolio.Domain.Interfaces.IAuthService,Portfolio.Domain.Interfaces.IUnitOfWork,Portfolio.Domain.Interfaces.IUserRepository)
FNDA:0,System.Void Portfolio.Application.UseCases.ResetUserPassword.ResetUserPasswordHandler::.ctor(Portfolio.Domain.Interfaces.IAuthService,Portfolio.Domain.Interfaces.IUnitOfWork,Portfolio.Domain.Interfaces.IUserRepository)
DA:8,0
DA:9,0
DA:10,0
DA:11,0
DA:12,0
FN:14,System.Void Portfolio.Application.UseCases.ResetUserPassword.ResetUserPasswordHandler/<Handle>d__4::MoveNext()
FNDA:0,System.Void Portfolio.Application.UseCases.ResetUserPassword.ResetUserPasswordHandler/<Handle>d__4::MoveNext()
DA:15,0
DA:16,0
DA:18,0
DA:20,0
DA:22,0
DA:24,0
DA:25,0
DA:27,0
DA:28,0
LF:14
LH:0
BRF:0
BRH:0
FNF:2
FNH:0
end_of_record
SF:/home/riandeoliveira/coding/portfolio-api/src/Portfolio.Application/UseCases/ResetUserPassword/ResetUserPasswordRequest.cs
FN:5,System.String Portfolio.Application.UseCases.ResetUserPassword.ResetUserPasswordRequest::get_Password()
FNDA:0,System.String Portfolio.Application.UseCases.ResetUserPassword.ResetUserPasswordRequest::get_Password()
DA:6,0
FN:6,System.String Portfolio.Application.UseCases.ResetUserPassword.ResetUserPasswordRequest::get_PasswordConfirmation()
FNDA:0,System.String Portfolio.Application.UseCases.ResetUserPassword.ResetUserPasswordRequest::get_PasswordConfirmation()
DA:7,0
FN:4,System.Void Portfolio.Application.UseCases.ResetUserPassword.ResetUserPasswordRequest::.ctor(System.String,System.String)
FNDA:0,System.Void Portfolio.Application.UseCases.ResetUserPassword.ResetUserPasswordRequest::.ctor(System.String,System.String)
DA:5,0
DA:8,0
LF:4
LH:0
BRF:0
BRH:0
FNF:3
FNH:0
end_of_record
SF:/home/riandeoliveira/coding/portfolio-api/src/Portfolio.Application/UseCases/ResetUserPassword/ResetUserPasswordResponse.cs
FN:2,System.Void Portfolio.Application.UseCases.ResetUserPassword.ResetUserPasswordResponse::.ctor()
FNDA:0,System.Void Portfolio.Application.UseCases.ResetUserPassword.ResetUserPasswordResponse::.ctor()
DA:3,0
LF:1
LH:0
BRF:0
BRH:0
FNF:1
FNH:0
end_of_record
SF:/home/riandeoliveira/coding/portfolio-api/src/Portfolio.Application/UseCases/ResetUserPassword/ResetUserPasswordValidator.cs
FN:9,System.Void Portfolio.Application.UseCases.ResetUserPassword.ResetUserPasswordValidator::.ctor()
FNDA:0,System.Void Portfolio.Application.UseCases.ResetUserPassword.ResetUserPasswordValidator::.ctor()
DA:10,0
DA:11,0
DA:12,0
DA:13,0
DA:14,0
DA:16,0
DA:17,0
DA:18,0
DA:19,0
DA:20,0
DA:21,0
DA:22,0
DA:23,0
DA:24,0
DA:25,0
DA:26,0
DA:27,0
DA:29,0
DA:30,0
DA:31,0
DA:32,0
DA:33,0
DA:34,0
DA:35,0
DA:36,0
DA:37,0
DA:38,0
DA:39,0
DA:40,0
DA:41,0
LF:30
LH:0
BRF:0
BRH:0
FNF:1
FNH:0
end_of_record
SF:/home/riandeoliveira/coding/portfolio-api/src/Portfolio.Application/UseCases/RemoveUser/RemoveUserEndpoint.cs
FN:15,System.Void Portfolio.Application.UseCases.RemoveUser.RemoveUserEndpoint::.ctor(MediatR.IMediator)
FNDA:0,System.Void Portfolio.Application.UseCases.RemoveUser.RemoveUserEndpoint::.ctor(MediatR.IMediator)
DA:16,0
FN:34,System.Void Portfolio.Application.UseCases.RemoveUser.RemoveUserEndpoint/<Handle>d__2::MoveNext()
FNDA:0,System.Void Portfolio.Application.UseCases.RemoveUser.RemoveUserEndpoint/<Handle>d__2::MoveNext()
DA:35,0
DA:37,0
DA:38,0
DA:40,0
DA:42,0
DA:43,0
DA:44,0
DA:46,0
LF:9
LH:0
BRF:0
BRH:0
FNF:2
FNH:0
end_of_record
SF:/home/riandeoliveira/coding/portfolio-api/src/Portfolio.Application/UseCases/RemoveUser/RemoveUserHandler.cs
FN:6,System.Void Portfolio.Application.UseCases.RemoveUser.RemoveUserHandler::.ctor(Portfolio.Domain.Interfaces.IAuthorRepository,Portfolio.Domain.Interfaces.IAuthService,Portfolio.Domain.Interfaces.IUnitOfWork,Portfolio.Domain.Interfaces.IUserRepository)
FNDA:0,System.Void Portfolio.Application.UseCases.RemoveUser.RemoveUserHandler::.ctor(Portfolio.Domain.Interfaces.IAuthorRepository,Portfolio.Domain.Interfaces.IAuthService,Portfolio.Domain.Interfaces.IUnitOfWork,Portfolio.Domain.Interfaces.IUserRepository)
DA:7,0
DA:8,0
DA:9,0
DA:10,0
DA:11,0
DA:12,0
FN:14,System.Void Portfolio.Application.UseCases.RemoveUser.RemoveUserHandler/<Handle>d__5::MoveNext()
FNDA:0,System.Void Portfolio.Application.UseCases.RemoveUser.RemoveUserHandler/<Handle>d__5::MoveNext()
DA:15,0
DA:16,0
DA:18,0
DA:19,0
DA:20,0
DA:21,0
DA:23,0
DA:24,0
DA:25,0
DA:26,0
DA:28,0
DA:29,0
DA:30,0
DA:31,0
DA:33,0
DA:34,0
DA:36,0
DA:37,0
BRDA:28,840,1,0
BRDA:28,840,0,0
LF:24
LH:0
BRF:2
BRH:0
FNF:2
FNH:0
end_of_record
SF:/home/riandeoliveira/coding/portfolio-api/src/Portfolio.Application/UseCases/RemoveUser/RemoveUserValidator.cs
FN:6,System.Void Portfolio.Application.UseCases.RemoveUser.RemoveUserValidator::.ctor()
FNDA:0,System.Void Portfolio.Application.UseCases.RemoveUser.RemoveUserValidator::.ctor()
DA:7,0
DA:8,0
DA:9,0
LF:3
LH:0
BRF:0
BRH:0
FNF:1
FNH:0
end_of_record
SF:/home/riandeoliveira/coding/portfolio-api/src/Portfolio.Application/UseCases/RemoveAuthor/RemoveAuthorEndpoint.cs
FN:14,System.Void Portfolio.Application.UseCases.RemoveAuthor.RemoveAuthorEndpoint::.ctor(MediatR.IMediator)
FNDA:0,System.Void Portfolio.Application.UseCases.RemoveAuthor.RemoveAuthorEndpoint::.ctor(MediatR.IMediator)
DA:15,0
FN:33,System.Void Portfolio.Application.UseCases.RemoveAuthor.RemoveAuthorEndpoint/<Handle>d__2::MoveNext()
FNDA:0,System.Void Portfolio.Application.UseCases.RemoveAuthor.RemoveAuthorEndpoint/<Handle>d__2::MoveNext()
DA:34,0
DA:36,0
DA:37,0
DA:39,0
DA:41,0
DA:42,0
DA:43,0
DA:45,0
LF:9
LH:0
BRF:0
BRH:0
FNF:2
FNH:0
end_of_record
SF:/home/riandeoliveira/coding/portfolio-api/src/Portfolio.Application/UseCases/RemoveAuthor/RemoveAuthorHandler.cs
FN:5,System.Void Portfolio.Application.UseCases.RemoveAuthor.RemoveAuthorHandler::.ctor(Portfolio.Domain.Interfaces.IAuthorRepository,Portfolio.Domain.Interfaces.IUnitOfWork)
FNDA:0,System.Void Portfolio.Application.UseCases.RemoveAuthor.RemoveAuthorHandler::.ctor(Portfolio.Domain.Interfaces.IAuthorRepository,Portfolio.Domain.Interfaces.IUnitOfWork)
DA:6,0
DA:7,0
DA:8,0
DA:9,0
FN:11,System.Void Portfolio.Application.UseCases.RemoveAuthor.RemoveAuthorHandler/<Handle>d__3::MoveNext()
FNDA:0,System.Void Portfolio.Application.UseCases.RemoveAuthor.RemoveAuthorHandler/<Handle>d__3::MoveNext()
DA:12,0
DA:13,0
DA:15,0
DA:16,0
DA:18,0
DA:19,0
LF:10
LH:0
BRF:0
BRH:0
FNF:2
FNH:0
end_of_record
SF:/home/riandeoliveira/coding/portfolio-api/src/Portfolio.Application/UseCases/RemoveAuthor/RemoveAuthorRequest.cs
FN:4,System.Guid Portfolio.Application.UseCases.RemoveAuthor.RemoveAuthorRequest::get_Id()
FNDA:0,System.Guid Portfolio.Application.UseCases.RemoveAuthor.RemoveAuthorRequest::get_Id()
DA:5,0
LF:1
LH:0
BRF:0
BRH:0
FNF:1
FNH:0
end_of_record
SF:/home/riandeoliveira/coding/portfolio-api/src/Portfolio.Application/UseCases/RemoveAuthor/RemoveAuthorValidator.cs
FN:6,System.Void Portfolio.Application.UseCases.RemoveAuthor.RemoveAuthorValidator::.ctor()
FNDA:0,System.Void Portfolio.Application.UseCases.RemoveAuthor.RemoveAuthorValidator::.ctor()
DA:7,0
DA:8,0
DA:9,0
LF:3
LH:0
BRF:0
BRH:0
FNF:1
FNH:0
end_of_record
SF:/home/riandeoliveira/coding/portfolio-api/src/Portfolio.Application/UseCases/RefreshUserToken/RefreshUserTokenEndpoint.cs
FN:12,System.Void Portfolio.Application.UseCases.RefreshUserToken.RefreshUserTokenEndpoint::.ctor(MediatR.IMediator)
FNDA:0,System.Void Portfolio.Application.UseCases.RefreshUserToken.RefreshUserTokenEndpoint::.ctor(MediatR.IMediator)
DA:13,0
FN:26,System.Void Portfolio.Application.UseCases.RefreshUserToken.RefreshUserTokenEndpoint/<Handle>d__2::MoveNext()
FNDA:0,System.Void Portfolio.Application.UseCases.RefreshUserToken.RefreshUserTokenEndpoint/<Handle>d__2::MoveNext()
DA:27,0
DA:29,0
DA:30,0
DA:32,0
DA:34,0
DA:35,0
DA:36,0
DA:38,0
LF:9
LH:0
BRF:0
BRH:0
FNF:2
FNH:0
end_of_record
SF:/home/riandeoliveira/coding/portfolio-api/src/Portfolio.Application/UseCases/RefreshUserToken/RefreshUserTokenHandler.cs
FN:7,System.Void Portfolio.Application.UseCases.RefreshUserToken.RefreshUserTokenHandler::.ctor(Portfolio.Domain.Interfaces.IAuthService)
FNDA:0,System.Void Portfolio.Application.UseCases.RefreshUserToken.RefreshUserTokenHandler::.ctor(Portfolio.Domain.Interfaces.IAuthService)
DA:8,0
DA:9,0
DA:10,0
FN:12,System.Void Portfolio.Application.UseCases.RefreshUserToken.RefreshUserTokenHandler/<Handle>d__2::MoveNext()
FNDA:0,System.Void Portfolio.Application.UseCases.RefreshUserToken.RefreshUserTokenHandler/<Handle>d__2::MoveNext()
DA:13,0
DA:14,0
DA:16,0
DA:18,0
DA:19,0
LF:8
LH:0
BRF:0
BRH:0
FNF:2
FNH:0
end_of_record
SF:/home/riandeoliveira/coding/portfolio-api/src/Portfolio.Application/UseCases/RefreshUserToken/RefreshUserTokenRequest.cs
FN:4,System.String Portfolio.Application.UseCases.RefreshUserToken.RefreshUserTokenRequest::get_AccessToken()
FNDA:0,System.String Portfolio.Application.UseCases.RefreshUserToken.RefreshUserTokenRequest::get_AccessToken()
DA:5,0
LF:1
LH:0
BRF:0
BRH:0
FNF:1
FNH:0
end_of_record
SF:/home/riandeoliveira/coding/portfolio-api/src/Portfolio.Application/UseCases/RefreshUserToken/RefreshUserTokenResponse.cs
FN:4,Portfolio.Domain.Dtos.TokenDto Portfolio.Application.UseCases.RefreshUserToken.RefreshUserTokenResponse::get_TokenDto()
FNDA:0,Portfolio.Domain.Dtos.TokenDto Portfolio.Application.UseCases.RefreshUserToken.RefreshUserTokenResponse::get_TokenDto()
DA:5,0
LF:1
LH:0
BRF:0
BRH:0
FNF:1
FNH:0
end_of_record
SF:/home/riandeoliveira/coding/portfolio-api/src/Portfolio.Application/UseCases/RefreshUserToken/RefreshUserTokenValidator.cs
FN:6,System.Void Portfolio.Application.UseCases.RefreshUserToken.RefreshUserTokenValidator::.ctor()
FNDA:0,System.Void Portfolio.Application.UseCases.RefreshUserToken.RefreshUserTokenValidator::.ctor()
DA:7,0
DA:8,0
DA:9,0
LF:3
LH:0
BRF:0
BRH:0
FNF:1
FNH:0
end_of_record
SF:/home/riandeoliveira/coding/portfolio-api/src/Portfolio.Application/UseCases/ForgotUserPassword/ForgotUserPasswordEndpoint.cs
FN:14,System.Void Portfolio.Application.UseCases.ForgotUserPassword.ForgotUserEndpoint::.ctor(MediatR.IMediator)
FNDA:0,System.Void Portfolio.Application.UseCases.ForgotUserPassword.ForgotUserEndpoint::.ctor(MediatR.IMediator)
DA:15,0
FN:32,System.Void Portfolio.Application.UseCases.ForgotUserPassword.ForgotUserEndpoint/<Handle>d__2::MoveNext()
FNDA:0,System.Void Portfolio.Application.UseCases.ForgotUserPassword.ForgotUserEndpoint/<Handle>d__2::MoveNext()
DA:33,0
DA:35,0
DA:36,0
DA:38,0
DA:40,0
DA:41,0
DA:42,0
DA:44,0
LF:9
LH:0
BRF:0
BRH:0
FNF:2
FNH:0
end_of_record
SF:/home/riandeoliveira/coding/portfolio-api/src/Portfolio.Application/UseCases/ForgotUserPassword/ForgotUserPasswordHandler.cs
FN:10,System.Void Portfolio.Application.UseCases.ForgotUserPassword.ForgotUserPasswordHandler::.ctor(Portfolio.Domain.Interfaces.IAuthService,Portfolio.Domain.Interfaces.IMailService,Portfolio.Domain.Interfaces.IUserRepository)
FNDA:0,System.Void Portfolio.Application.UseCases.ForgotUserPassword.ForgotUserPasswordHandler::.ctor(Portfolio.Domain.Interfaces.IAuthService,Portfolio.Domain.Interfaces.IMailService,Portfolio.Domain.Interfaces.IUserRepository)
DA:11,0
DA:12,0
DA:13,0
DA:14,0
DA:15,0
FN:17,System.Void Portfolio.Application.UseCases.ForgotUserPassword.ForgotUserPasswordHandler/<Handle>d__4::MoveNext()
FNDA:0,System.Void Portfolio.Application.UseCases.ForgotUserPassword.ForgotUserPasswordHandler/<Handle>d__4::MoveNext()
DA:18,0
DA:19,0
DA:20,0
DA:21,0
DA:22,0
DA:24,0
DA:26,0
DA:28,0
DA:29,0
DA:30,0
DA:31,0
DA:32,0
DA:33,0
DA:35,0
DA:37,0
DA:38,0
LF:21
LH:0
BRF:0
BRH:0
FNF:2
FNH:0
end_of_record
SF:/home/riandeoliveira/coding/portfolio-api/src/Portfolio.Application/UseCases/ForgotUserPassword/ForgotUserPasswordRequest.cs
FN:4,System.String Portfolio.Application.UseCases.ForgotUserPassword.ForgotUserPasswordRequest::get_Email()
FNDA:0,System.String Portfolio.Application.UseCases.ForgotUserPassword.ForgotUserPasswordRequest::get_Email()
DA:5,0
LF:1
LH:0
BRF:0
BRH:0
FNF:1
FNH:0
end_of_record
SF:/home/riandeoliveira/coding/portfolio-api/src/Portfolio.Application/UseCases/ForgotUserPassword/ForgotUserPasswordValidator.cs
FN:9,System.Void Portfolio.Application.UseCases.ForgotUserPassword.ForgotUserPasswordValidator::.ctor()
FNDA:0,System.Void Portfolio.Application.UseCases.ForgotUserPassword.ForgotUserPasswordValidator::.ctor()
DA:10,0
DA:11,0
DA:12,0
DA:13,0
DA:14,0
DA:15,0
DA:16,0
DA:17,0
DA:18,0
DA:19,0
DA:20,0
DA:21,0
DA:22,0
LF:13
LH:0
BRF:0
BRH:0
FNF:1
FNH:0
end_of_record
SF:/home/riandeoliveira/coding/portfolio-api/src/Portfolio.Application/UseCases/ForgotUserPassword/ForgotUserPasswordViewModel.cs
FN:2,System.String Portfolio.Application.UseCases.ForgotUserPassword.ForgotUserPasswordViewModel::get_Email()
FNDA:0,System.String Portfolio.Application.UseCases.ForgotUserPassword.ForgotUserPasswordViewModel::get_Email()
DA:3,0
LF:1
LH:0
BRF:0
BRH:0
FNF:1
FNH:0
end_of_record
SF:/home/riandeoliveira/coding/portfolio-api/src/Portfolio.Application/UseCases/FindOneAuthor/FindOneAuthorEndpoint.cs
FN:15,System.Void Portfolio.Application.UseCases.FindOneAuthor.FindOneAuthorEndpoint::.ctor(MediatR.IMediator)
FNDA:0,System.Void Portfolio.Application.UseCases.FindOneAuthor.FindOneAuthorEndpoint::.ctor(MediatR.IMediator)
DA:16,0
FN:34,System.Void Portfolio.Application.UseCases.FindOneAuthor.FindOneAuthorEndpoint/<Handle>d__2::MoveNext()
FNDA:0,System.Void Portfolio.Application.UseCases.FindOneAuthor.FindOneAuthorEndpoint/<Handle>d__2::MoveNext()
DA:35,0
DA:37,0
DA:38,0
DA:40,0
DA:42,0
DA:43,0
DA:44,0
DA:46,0
LF:9
LH:0
BRF:0
BRH:0
FNF:2
FNH:0
end_of_record
SF:/home/riandeoliveira/coding/portfolio-api/src/Portfolio.Application/UseCases/FindOneAuthor/FindOneAuthorHandler.cs
FN:8,System.Void Portfolio.Application.UseCases.FindOneAuthor.FindOneAuthorHandler::.ctor(Portfolio.Domain.Interfaces.IAuthorRepository)
FNDA:0,System.Void Portfolio.Application.UseCases.FindOneAuthor.FindOneAuthorHandler::.ctor(Portfolio.Domain.Interfaces.IAuthorRepository)
DA:9,0
DA:10,0
DA:11,0
FN:13,System.Void Portfolio.Application.UseCases.FindOneAuthor.FindOneAuthorHandler/<Handle>d__2::MoveNext()
FNDA:0,System.Void Portfolio.Application.UseCases.FindOneAuthor.FindOneAuthorHandler/<Handle>d__2::MoveNext()
DA:14,0
DA:15,0
DA:17,0
DA:18,0
LF:7
LH:0
BRF:0
BRH:0
FNF:2
FNH:0
end_of_record
SF:/home/riandeoliveira/coding/portfolio-api/src/Portfolio.Application/UseCases/FindOneAuthor/FindOneAuthorRequest.cs
FN:4,System.Guid Portfolio.Application.UseCases.FindOneAuthor.FindOneAuthorRequest::get_Id()
FNDA:0,System.Guid Portfolio.Application.UseCases.FindOneAuthor.FindOneAuthorRequest::get_Id()
DA:5,0
LF:1
LH:0
BRF:0
BRH:0
FNF:1
FNH:0
end_of_record
SF:/home/riandeoliveira/coding/portfolio-api/src/Portfolio.Application/UseCases/FindOneAuthor/FindOneAuthorResponse.cs
FN:4,Portfolio.Domain.Dtos.AuthorDto Portfolio.Application.UseCases.FindOneAuthor.FindOneAuthorResponse::get_Author()
FNDA:0,Portfolio.Domain.Dtos.AuthorDto Portfolio.Application.UseCases.FindOneAuthor.FindOneAuthorResponse::get_Author()
DA:5,0
LF:1
LH:0
BRF:0
BRH:0
FNF:1
FNH:0
end_of_record
SF:/home/riandeoliveira/coding/portfolio-api/src/Portfolio.Application/UseCases/FindOneAuthor/FindOneAuthorValidator.cs
FN:6,System.Void Portfolio.Application.UseCases.FindOneAuthor.FindOneAuthorValidator::.ctor()
FNDA:0,System.Void Portfolio.Application.UseCases.FindOneAuthor.FindOneAuthorValidator::.ctor()
DA:7,0
DA:8,0
DA:9,0
LF:3
LH:0
BRF:0
BRH:0
FNF:1
FNH:0
end_of_record
SF:/home/riandeoliveira/coding/portfolio-api/src/Portfolio.Application/UseCases/FindManyAuthors/FindManyAuthorsEndpoint.cs
FN:15,System.Void Portfolio.Application.UseCases.FindManyAuthors.FindManyAuthorsEndpoint::.ctor(MediatR.IMediator)
FNDA:0,System.Void Portfolio.Application.UseCases.FindManyAuthors.FindManyAuthorsEndpoint::.ctor(MediatR.IMediator)
DA:16,0
FN:34,System.Void Portfolio.Application.UseCases.FindManyAuthors.FindManyAuthorsEndpoint/<Handle>d__2::MoveNext()
FNDA:0,System.Void Portfolio.Application.UseCases.FindManyAuthors.FindManyAuthorsEndpoint/<Handle>d__2::MoveNext()
DA:35,0
DA:37,0
DA:38,0
DA:40,0
DA:42,0
DA:43,0
DA:44,0
DA:46,0
LF:9
LH:0
BRF:0
BRH:0
FNF:2
FNH:0
end_of_record
SF:/home/riandeoliveira/coding/portfolio-api/src/Portfolio.Application/UseCases/FindManyAuthors/FindManyAuthorsHandler.cs
FN:8,System.Void Portfolio.Application.UseCases.FindManyAuthors.FindManyAuthorsHandler::.ctor(Portfolio.Domain.Interfaces.IAuthorRepository,Portfolio.Domain.Interfaces.IAuthService)
FNDA:0,System.Void Portfolio.Application.UseCases.FindManyAuthors.FindManyAuthorsHandler::.ctor(Portfolio.Domain.Interfaces.IAuthorRepository,Portfolio.Domain.Interfaces.IAuthService)
DA:9,0
DA:10,0
DA:11,0
DA:12,0
FN:14,System.Void Portfolio.Application.UseCases.FindManyAuthors.FindManyAuthorsHandler/<Handle>d__3::MoveNext()
FNDA:0,System.Void Portfolio.Application.UseCases.FindManyAuthors.FindManyAuthorsHandler/<Handle>d__3::MoveNext()
DA:15,0
DA:16,0
DA:18,0
DA:19,0
DA:20,0
DA:21,0
DA:22,0
DA:23,0
DA:25,0
DA:26,0
DA:27,0
DA:28,0
DA:29,0
DA:30,0
DA:31,0
LF:19
LH:0
BRF:0
BRH:0
FNF:2
FNH:0
end_of_record
SF:/home/riandeoliveira/coding/portfolio-api/src/Portfolio.Application/UseCases/FindManyAuthors/FindManyAuthorsRequest.cs
FN:4,System.Int32 Portfolio.Application.UseCases.FindManyAuthors.FindManyAuthorsRequest::get_PageNumber()
FNDA:0,System.Int32 Portfolio.Application.UseCases.FindManyAuthors.FindManyAuthorsRequest::get_PageNumber()
DA:5,0
LF:1
LH:0
BRF:0
BRH:0
FNF:1
FNH:0
end_of_record
SF:/home/riandeoliveira/coding/portfolio-api/src/Portfolio.Application/UseCases/FindManyAuthors/FindManyAuthorsResponse.cs
FN:5,System.Int32 Portfolio.Application.UseCases.FindManyAuthors.FindManyAuthorsResponse::get_PageNumber()
FNDA:0,System.Int32 Portfolio.Application.UseCases.FindManyAuthors.FindManyAuthorsResponse::get_PageNumber()
DA:6,0
FN:6,System.Int32 Portfolio.Application.UseCases.FindManyAuthors.FindManyAuthorsResponse::get_PageSize()
FNDA:0,System.Int32 Portfolio.Application.UseCases.FindManyAuthors.FindManyAuthorsResponse::get_PageSize()
DA:7,0
FN:7,System.Int32 Portfolio.Application.UseCases.FindManyAuthors.FindManyAuthorsResponse::get_TotalPages()
FNDA:0,System.Int32 Portfolio.Application.UseCases.FindManyAuthors.FindManyAuthorsResponse::get_TotalPages()
DA:8,0
FN:8,System.Collections.Generic.IEnumerable`1<Portfolio.Domain.Dtos.AuthorDto> Portfolio.Application.UseCases.FindManyAuthors.FindManyAuthorsResponse::get_Entities()
FNDA:0,System.Collections.Generic.IEnumerable`1<Portfolio.Domain.Dtos.AuthorDto> Portfolio.Application.UseCases.FindManyAuthors.FindManyAuthorsResponse::get_Entities()
DA:9,0
FN:4,System.Void Portfolio.Application.UseCases.FindManyAuthors.FindManyAuthorsResponse::.ctor(System.Int32,System.Int32,System.Int32,System.Collections.Generic.IEnumerable`1<Portfolio.Domain.Dtos.AuthorDto>)
FNDA:0,System.Void Portfolio.Application.UseCases.FindManyAuthors.FindManyAuthorsResponse::.ctor(System.Int32,System.Int32,System.Int32,System.Collections.Generic.IEnumerable`1<Portfolio.Domain.Dtos.AuthorDto>)
DA:5,0
DA:10,0
LF:6
LH:0
BRF:0
BRH:0
FNF:5
FNH:0
end_of_record
SF:/home/riandeoliveira/coding/portfolio-api/src/Portfolio.Application/UseCases/FindManyAuthors/FindManyAuthorsValidator.cs
FN:9,System.Void Portfolio.Application.UseCases.FindManyAuthors.FindManyAuthorsValidator::.ctor()
FNDA:0,System.Void Portfolio.Application.UseCases.FindManyAuthors.FindManyAuthorsValidator::.ctor()
DA:10,0
DA:11,0
DA:12,0
DA:13,0
DA:14,0
DA:16,0
DA:17,0
DA:18,0
DA:19,0
LF:9
LH:0
BRF:0
BRH:0
FNF:1
FNH:0
end_of_record
SF:/home/riandeoliveira/coding/portfolio-api/src/Portfolio.Application/UseCases/FindCurrentUser/FindCurrentUserEndpoint.cs
FN:16,System.Void Portfolio.Application.UseCases.FindCurrentUser.FindCurrentUserEndpoint::.ctor(MediatR.IMediator)
FNDA:0,System.Void Portfolio.Application.UseCases.FindCurrentUser.FindCurrentUserEndpoint::.ctor(MediatR.IMediator)
DA:17,0
FN:35,System.Void Portfolio.Application.UseCases.FindCurrentUser.FindCurrentUserEndpoint/<Handle>d__2::MoveNext()
FNDA:0,System.Void Portfolio.Application.UseCases.FindCurrentUser.FindCurrentUserEndpoint/<Handle>d__2::MoveNext()
DA:36,0
DA:38,0
DA:39,0
DA:41,0
DA:43,0
DA:44,0
DA:45,0
DA:47,0
LF:9
LH:0
BRF:0
BRH:0
FNF:2
FNH:0
end_of_record
SF:/home/riandeoliveira/coding/portfolio-api/src/Portfolio.Application/UseCases/FindCurrentUser/FindCurrentUserHandler.cs
FN:5,System.Void Portfolio.Application.UseCases.FindCurrentUser.FindCurrentUserHandler::.ctor(Portfolio.Domain.Interfaces.IAuthService)
FNDA:0,System.Void Portfolio.Application.UseCases.FindCurrentUser.FindCurrentUserHandler::.ctor(Portfolio.Domain.Interfaces.IAuthService)
DA:6,0
DA:7,0
DA:8,0
FN:10,System.Void Portfolio.Application.UseCases.FindCurrentUser.FindCurrentUserHandler/<Handle>d__2::MoveNext()
FNDA:0,System.Void Portfolio.Application.UseCases.FindCurrentUser.FindCurrentUserHandler/<Handle>d__2::MoveNext()
DA:11,0
DA:12,0
DA:14,0
DA:15,0
LF:7
LH:0
BRF:0
BRH:0
FNF:2
FNH:0
end_of_record
SF:/home/riandeoliveira/coding/portfolio-api/src/Portfolio.Application/UseCases/FindCurrentUser/FindCurrentUserResponse.cs
FN:4,Portfolio.Domain.Dtos.UserDto Portfolio.Application.UseCases.FindCurrentUser.FindCurrentUserResponse::get_User()
FNDA:0,Portfolio.Domain.Dtos.UserDto Portfolio.Application.UseCases.FindCurrentUser.FindCurrentUserResponse::get_User()
DA:5,0
LF:1
LH:0
BRF:0
BRH:0
FNF:1
FNH:0
end_of_record
SF:/home/riandeoliveira/coding/portfolio-api/src/Portfolio.Application/UseCases/FindCurrentUser/FindCurrentUserValidator.cs
FN:6,System.Void Portfolio.Application.UseCases.FindCurrentUser.FindCurrentUserValidator::.ctor()
FNDA:0,System.Void Portfolio.Application.UseCases.FindCurrentUser.FindCurrentUserValidator::.ctor()
DA:7,0
DA:8,0
DA:9,0
LF:3
LH:0
BRF:0
BRH:0
FNF:1
FNH:0
end_of_record
SF:/home/riandeoliveira/coding/portfolio-api/src/Portfolio.Application/UseCases/CreateAuthor/CreateAuthorEndpoint.cs
FN:15,System.Void Portfolio.Application.UseCases.CreateAuthor.CreateAuthorEndpoint::.ctor(MediatR.IMediator)
FNDA:0,System.Void Portfolio.Application.UseCases.CreateAuthor.CreateAuthorEndpoint::.ctor(MediatR.IMediator)
DA:16,0
FN:34,System.Void Portfolio.Application.UseCases.CreateAuthor.CreateAuthorEndpoint/<Handle>d__2::MoveNext()
FNDA:0,System.Void Portfolio.Application.UseCases.CreateAuthor.CreateAuthorEndpoint/<Handle>d__2::MoveNext()
DA:35,0
DA:37,0
DA:38,0
DA:40,0
DA:42,0
DA:43,0
DA:44,0
DA:46,0
LF:9
LH:0
BRF:0
BRH:0
FNF:2
FNH:0
end_of_record
SF:/home/riandeoliveira/coding/portfolio-api/src/Portfolio.Application/UseCases/CreateAuthor/CreateAuthorHandler.cs
FN:8,System.Void Portfolio.Application.UseCases.CreateAuthor.CreateAuthorHandler::.ctor(Portfolio.Domain.Interfaces.IAuthorRepository,Portfolio.Domain.Interfaces.IAuthService,Portfolio.Domain.Interfaces.IUnitOfWork)
FNDA:0,System.Void Portfolio.Application.UseCases.CreateAuthor.CreateAuthorHandler::.ctor(Portfolio.Domain.Interfaces.IAuthorRepository,Portfolio.Domain.Interfaces.IAuthService,Portfolio.Domain.Interfaces.IUnitOfWork)
DA:9,0
DA:10,0
DA:11,0
DA:12,0
DA:13,0
FN:15,System.Void Portfolio.Application.UseCases.CreateAuthor.CreateAuthorHandler/<Handle>d__4::MoveNext()
FNDA:0,System.Void Portfolio.Application.UseCases.CreateAuthor.CreateAuthorHandler/<Handle>d__4::MoveNext()
DA:16,0
DA:17,0
DA:19,0
DA:20,0
DA:21,0
DA:22,0
DA:23,0
DA:24,0
DA:25,0
DA:26,0
DA:27,0
DA:28,0
DA:30,0
DA:32,0
DA:34,0
DA:35,0
LF:21
LH:0
BRF:0
BRH:0
FNF:2
FNH:0
end_of_record
SF:/home/riandeoliveira/coding/portfolio-api/src/Portfolio.Application/UseCases/CreateAuthor/CreateAuthorRequest.cs
FN:5,System.String Portfolio.Application.UseCases.CreateAuthor.CreateAuthorRequest::get_Name()
FNDA:0,System.String Portfolio.Application.UseCases.CreateAuthor.CreateAuthorRequest::get_Name()
DA:6,0
FN:6,System.String Portfolio.Application.UseCases.CreateAuthor.CreateAuthorRequest::get_FullName()
FNDA:0,System.String Portfolio.Application.UseCases.CreateAuthor.CreateAuthorRequest::get_FullName()
DA:7,0
FN:7,System.String Portfolio.Application.UseCases.CreateAuthor.CreateAuthorRequest::get_Position()
FNDA:0,System.String Portfolio.Application.UseCases.CreateAuthor.CreateAuthorRequest::get_Position()
DA:8,0
FN:8,System.String Portfolio.Application.UseCases.CreateAuthor.CreateAuthorRequest::get_Description()
FNDA:0,System.String Portfolio.Application.UseCases.CreateAuthor.CreateAuthorRequest::get_Description()
DA:9,0
FN:9,System.String Portfolio.Application.UseCases.CreateAuthor.CreateAuthorRequest::get_AvatarUrl()
FNDA:0,System.String Portfolio.Application.UseCases.CreateAuthor.CreateAuthorRequest::get_AvatarUrl()
DA:10,0
FN:10,System.String Portfolio.Application.UseCases.CreateAuthor.CreateAuthorRequest::get_SpotifyAccountName()
FNDA:0,System.String Portfolio.Application.UseCases.CreateAuthor.CreateAuthorRequest::get_SpotifyAccountName()
DA:11,0
FN:4,System.Void Portfolio.Application.UseCases.CreateAuthor.CreateAuthorRequest::.ctor(System.String,System.String,System.String,System.String,System.String,System.String)
FNDA:0,System.Void Portfolio.Application.UseCases.CreateAuthor.CreateAuthorRequest::.ctor(System.String,System.String,System.String,System.String,System.String,System.String)
DA:5,0
DA:12,0
LF:8
LH:0
BRF:0
BRH:0
FNF:7
FNH:0
end_of_record
SF:/home/riandeoliveira/coding/portfolio-api/src/Portfolio.Application/UseCases/CreateAuthor/CreateAuthorResponse.cs
FN:4,Portfolio.Domain.Dtos.AuthorDto Portfolio.Application.UseCases.CreateAuthor.CreateAuthorResponse::get_Author()
FNDA:0,Portfolio.Domain.Dtos.AuthorDto Portfolio.Application.UseCases.CreateAuthor.CreateAuthorResponse::get_Author()
DA:5,0
LF:1
LH:0
BRF:0
BRH:0
FNF:1
FNH:0
end_of_record
SF:/home/riandeoliveira/coding/portfolio-api/src/Portfolio.Application/UseCases/CreateAuthor/CreateAuthorValidator.cs
FN:9,System.Void Portfolio.Application.UseCases.CreateAuthor.CreateAuthorValidator::.ctor()
FNDA:0,System.Void Portfolio.Application.UseCases.CreateAuthor.CreateAuthorValidator::.ctor()
DA:10,0
DA:11,0
DA:12,0
DA:13,0
DA:14,0
DA:15,0
DA:16,0
DA:17,0
DA:19,0
DA:20,0
DA:21,0
DA:22,0
DA:23,0
DA:24,0
DA:26,0
DA:27,0
DA:28,0
DA:29,0
DA:30,0
DA:31,0
DA:33,0
DA:34,0
DA:35,0
DA:36,0
DA:37,0
DA:38,0
DA:40,0
DA:41,0
DA:42,0
DA:43,0
DA:44,0
DA:45,0
DA:47,0
DA:48,0
DA:49,0
DA:50,0
LF:36
LH:0
BRF:0
BRH:0
FNF:1
FNH:0
end_of_record